This file contains any messages produced by compilers while
running configure, to aid debugging if configure makes a mistake.

It was created by procps-ng configure 4.0.4, which was
generated by GNU Autoconf 2.71.  Invocation command line was

  $ ./configure --prefix=/usr --docdir=/usr/share/doc/procps-ng-4.0.4 --disable-static --disable-kill --with-systemd

## --------- ##
## Platform. ##
## --------- ##

hostname = tux
uname -m = x86_64
uname -r = 6.12.10-arch1-1
uname -s = Linux
uname -v = #1 SMP PREEMPT_DYNAMIC Sat, 18 Jan 2025 02:26:57 +0000

/usr/bin/uname -p = unknown
/bin/uname -X     = unknown

/bin/arch              = unknown
/usr/bin/arch -k       = unknown
/usr/convex/getsysinfo = unknown
/usr/bin/hostinfo      = unknown
/bin/machine           = unknown
/usr/bin/oslevel       = unknown
/bin/universe          = unknown

PATH: /home/marcus/crystal/cry/target/debug/
PATH: /usr/local/bin/
PATH: /usr/bin/
PATH: /usr/local/sbin/
PATH: /var/lib/flatpak/exports/bin/
PATH: /usr/bin/site_perl/
PATH: /usr/bin/vendor_perl/
PATH: /usr/bin/core_perl/
PATH: /home/marcus/.local/share/JetBrains/Toolbox/scripts/


## ----------- ##
## Core tests. ##
## ----------- ##

configure:2827: looking for aux files: config.guess config.sub ltmain.sh compile missing install-sh
configure:2840:  trying ./
configure:2869:   ./config.guess found
configure:2869:   ./config.sub found
configure:2869:   ./ltmain.sh found
configure:2869:   ./compile found
configure:2869:   ./missing found
configure:2851:   ./install-sh found
configure:2998: checking for a BSD-compatible install
configure:3071: result: /usr/bin/install -c
configure:3082: checking whether build environment is sane
configure:3137: result: yes
configure:3296: checking for a race-free mkdir -p
configure:3340: result: /usr/bin/mkdir -p
configure:3347: checking for gawk
configure:3368: found /usr/bin/gawk
configure:3379: result: gawk
configure:3390: checking whether make sets $(MAKE)
configure:3413: result: yes
configure:3443: checking whether make supports nested variables
configure:3461: result: yes
configure:3536: checking how to create a pax tar archive
configure:3547: tar --version
tar (GNU tar) 1.35
Copyright (C) 2023 Free Software Foundation, Inc.
License GPLv3+: GNU GPL version 3 or later <https://gnu.org/licenses/gpl.html>.
This is free software: you are free to change and redistribute it.
There is NO WARRANTY, to the extent permitted by law.

Written by John Gilmore and Jay Fenlason.
configure:3550: $? = 0
configure:3590: tardir=conftest.dir && eval tar --format=posix -chf - "$tardir" >conftest.tar
configure:3593: $? = 0
configure:3597: tar -xf - <conftest.tar
configure:3600: $? = 0
configure:3602: cat conftest.dir/file
GrepMe
configure:3605: $? = 0
configure:3619: result: gnutar
configure:3695: checking whether make supports nested variables
configure:3713: result: yes
configure:3748: checking whether make supports the include directive
configure:3763: make -f confmf.GNU && cat confinc.out
this is the am__doit target
configure:3766: $? = 0
configure:3785: result: yes (GNU style)
configure:3861: checking for gcc
configure:3882: found /usr/bin/gcc
configure:3893: result: gcc
configure:4246: checking for C compiler version
configure:4255: gcc --version >&5
gcc (GCC) 14.2.1 20240910
Copyright (C) 2024 Free Software Foundation, Inc.
This is free software; see the source for copying conditions.  There is NO
warranty; not even for MERCHANTABILITY or FITNESS FOR A PARTICULAR PURPOSE.

configure:4266: $? = 0
configure:4255: gcc -v >&5
Using built-in specs.
COLLECT_GCC=gcc
COLLECT_LTO_WRAPPER=/usr/lib/gcc/x86_64-pc-linux-gnu/14.2.1/lto-wrapper
Target: x86_64-pc-linux-gnu
Configured with: /build/gcc/src/gcc/configure --enable-languages=ada,c,c++,d,fortran,go,lto,m2,objc,obj-c++,rust --enable-bootstrap --prefix=/usr --libdir=/usr/lib --libexecdir=/usr/lib --mandir=/usr/share/man --infodir=/usr/share/info --with-bugurl=https://gitlab.archlinux.org/archlinux/packaging/packages/gcc/-/issues --with-build-config=bootstrap-lto --with-linker-hash-style=gnu --with-system-zlib --enable-__cxa_atexit --enable-cet=auto --enable-checking=release --enable-clocale=gnu --enable-default-pie --enable-default-ssp --enable-gnu-indirect-function --enable-gnu-unique-object --enable-libstdcxx-backtrace --enable-link-serialization=1 --enable-linker-build-id --enable-lto --enable-multilib --enable-plugin --enable-shared --enable-threads=posix --disable-libssp --disable-libstdcxx-pch --disable-werror
Thread model: posix
Supported LTO compression algorithms: zlib zstd
gcc version 14.2.1 20240910 (GCC) 
configure:4266: $? = 0
configure:4255: gcc -V >&5
gcc: error: unrecognized command-line option '-V'
gcc: fatal error: no input files
compilation terminated.
configure:4266: $? = 1
configure:4255: gcc -qversion >&5
gcc: error: unrecognized command-line option '-qversion'; did you mean '--version'?
gcc: fatal error: no input files
compilation terminated.
configure:4266: $? = 1
configure:4255: gcc -version >&5
gcc: error: unrecognized command-line option '-version'
gcc: fatal error: no input files
compilation terminated.
configure:4266: $? = 1
configure:4286: checking whether the C compiler works
configure:4308: gcc    conftest.c  >&5
configure:4312: $? = 0
configure:4362: result: yes
configure:4365: checking for C compiler default output file name
configure:4367: result: a.out
configure:4373: checking for suffix of executables
configure:4380: gcc -o conftest    conftest.c  >&5
configure:4384: $? = 0
configure:4407: result: 
configure:4429: checking whether we are cross compiling
configure:4437: gcc -o conftest    conftest.c  >&5
configure:4441: $? = 0
configure:4448: ./conftest
configure:4452: $? = 0
configure:4467: result: no
configure:4472: checking for suffix of object files
configure:4495: gcc -c   conftest.c >&5
configure:4499: $? = 0
configure:4521: result: o
configure:4525: checking whether the compiler supports GNU C
configure:4545: gcc -c   conftest.c >&5
configure:4545: $? = 0
configure:4555: result: yes
configure:4566: checking whether gcc accepts -g
configure:4587: gcc -c -g  conftest.c >&5
configure:4587: $? = 0
configure:4631: result: yes
configure:4651: checking for gcc option to enable C11 features
configure:4666: gcc  -c -g -O2  conftest.c >&5
configure:4666: $? = 0
configure:4684: result: none needed
configure:4800: checking whether gcc understands -c and -o together
configure:4823: gcc -c conftest.c -o conftest2.o
configure:4826: $? = 0
configure:4823: gcc -c conftest.c -o conftest2.o
configure:4826: $? = 0
configure:4838: result: yes
configure:4857: checking dependency style of gcc
configure:4969: result: gcc3
configure:4989: checking for stdio.h
configure:4989: gcc -c -g -O2  conftest.c >&5
configure:4989: $? = 0
configure:4989: result: yes
configure:4989: checking for stdlib.h
configure:4989: gcc -c -g -O2  conftest.c >&5
configure:4989: $? = 0
configure:4989: result: yes
configure:4989: checking for string.h
configure:4989: gcc -c -g -O2  conftest.c >&5
configure:4989: $? = 0
configure:4989: result: yes
configure:4989: checking for inttypes.h
configure:4989: gcc -c -g -O2  conftest.c >&5
configure:4989: $? = 0
configure:4989: result: yes
configure:4989: checking for stdint.h
configure:4989: gcc -c -g -O2  conftest.c >&5
configure:4989: $? = 0
configure:4989: result: yes
configure:4989: checking for strings.h
configure:4989: gcc -c -g -O2  conftest.c >&5
configure:4989: $? = 0
configure:4989: result: yes
configure:4989: checking for sys/stat.h
configure:4989: gcc -c -g -O2  conftest.c >&5
configure:4989: $? = 0
configure:4989: result: yes
configure:4989: checking for sys/types.h
configure:4989: gcc -c -g -O2  conftest.c >&5
configure:4989: $? = 0
configure:4989: result: yes
configure:4989: checking for unistd.h
configure:4989: gcc -c -g -O2  conftest.c >&5
configure:4989: $? = 0
configure:4989: result: yes
configure:4989: checking for wchar.h
configure:4989: gcc -c -g -O2  conftest.c >&5
configure:4989: $? = 0
configure:4989: result: yes
configure:4989: checking for minix/config.h
configure:4989: gcc -c -g -O2  conftest.c >&5
conftest.c:49:10: fatal error: minix/config.h: No such file or directory
   49 | #include <minix/config.h>
      |          ^~~~~~~~~~~~~~~~
compilation terminated.
configure:4989: $? = 1
configure: failed program was:
| /* confdefs.h */
| #define PACKAGE_NAME "procps-ng"
| #define PACKAGE_TARNAME "procps-ng"
| #define PACKAGE_VERSION "4.0.4"
| #define PACKAGE_STRING "procps-ng 4.0.4"
| #define PACKAGE_BUGREPORT "procps@freelists.org"
| #define PACKAGE_URL "https://gitlab.com/procps-ng/procps"
| #define PACKAGE "procps-ng"
| #define VERSION "4.0.4"
| #define HAVE_STDIO_H 1
| #define HAVE_STDLIB_H 1
| #define HAVE_STRING_H 1
| #define HAVE_INTTYPES_H 1
| #define HAVE_STDINT_H 1
| #define HAVE_STRINGS_H 1
| #define HAVE_SYS_STAT_H 1
| #define HAVE_SYS_TYPES_H 1
| #define HAVE_UNISTD_H 1
| #define HAVE_WCHAR_H 1
| /* end confdefs.h.  */
| #include <stddef.h>
| #ifdef HAVE_STDIO_H
| # include <stdio.h>
| #endif
| #ifdef HAVE_STDLIB_H
| # include <stdlib.h>
| #endif
| #ifdef HAVE_STRING_H
| # include <string.h>
| #endif
| #ifdef HAVE_INTTYPES_H
| # include <inttypes.h>
| #endif
| #ifdef HAVE_STDINT_H
| # include <stdint.h>
| #endif
| #ifdef HAVE_STRINGS_H
| # include <strings.h>
| #endif
| #ifdef HAVE_SYS_TYPES_H
| # include <sys/types.h>
| #endif
| #ifdef HAVE_SYS_STAT_H
| # include <sys/stat.h>
| #endif
| #ifdef HAVE_UNISTD_H
| # include <unistd.h>
| #endif
| #include <minix/config.h>
configure:4989: result: no
configure:4989: checking for vfork.h
configure:4989: gcc -c -g -O2  conftest.c >&5
conftest.c:49:10: fatal error: vfork.h: No such file or directory
   49 | #include <vfork.h>
      |          ^~~~~~~~~
compilation terminated.
configure:4989: $? = 1
configure: failed program was:
| /* confdefs.h */
| #define PACKAGE_NAME "procps-ng"
| #define PACKAGE_TARNAME "procps-ng"
| #define PACKAGE_VERSION "4.0.4"
| #define PACKAGE_STRING "procps-ng 4.0.4"
| #define PACKAGE_BUGREPORT "procps@freelists.org"
| #define PACKAGE_URL "https://gitlab.com/procps-ng/procps"
| #define PACKAGE "procps-ng"
| #define VERSION "4.0.4"
| #define HAVE_STDIO_H 1
| #define HAVE_STDLIB_H 1
| #define HAVE_STRING_H 1
| #define HAVE_INTTYPES_H 1
| #define HAVE_STDINT_H 1
| #define HAVE_STRINGS_H 1
| #define HAVE_SYS_STAT_H 1
| #define HAVE_SYS_TYPES_H 1
| #define HAVE_UNISTD_H 1
| #define HAVE_WCHAR_H 1
| /* end confdefs.h.  */
| #include <stddef.h>
| #ifdef HAVE_STDIO_H
| # include <stdio.h>
| #endif
| #ifdef HAVE_STDLIB_H
| # include <stdlib.h>
| #endif
| #ifdef HAVE_STRING_H
| # include <string.h>
| #endif
| #ifdef HAVE_INTTYPES_H
| # include <inttypes.h>
| #endif
| #ifdef HAVE_STDINT_H
| # include <stdint.h>
| #endif
| #ifdef HAVE_STRINGS_H
| # include <strings.h>
| #endif
| #ifdef HAVE_SYS_TYPES_H
| # include <sys/types.h>
| #endif
| #ifdef HAVE_SYS_STAT_H
| # include <sys/stat.h>
| #endif
| #ifdef HAVE_UNISTD_H
| # include <unistd.h>
| #endif
| #include <vfork.h>
configure:4989: result: no
configure:4989: checking for sys/param.h
configure:4989: gcc -c -g -O2  conftest.c >&5
configure:4989: $? = 0
configure:4989: result: yes
configure:5020: checking whether it is safe to define __EXTENSIONS__
configure:5039: gcc -c -g -O2  conftest.c >&5
configure:5039: $? = 0
configure:5047: result: yes
configure:5050: checking whether _XOPEN_SOURCE should be defined
configure:5072: gcc -c -g -O2  conftest.c >&5
configure:5072: $? = 0
configure:5099: result: no
configure:5163: checking for special C compiler options needed for large files
configure:5211: result: no
configure:5217: checking for _FILE_OFFSET_BITS value needed for large files
configure:5243: gcc -c -g -O2  conftest.c >&5
configure:5243: $? = 0
configure:5277: result: no
configure:5363: checking for gawk
configure:5395: result: gawk
configure:5459: checking for gcc
configure:5491: result: gcc
configure:5844: checking for C compiler version
configure:5853: gcc --version >&5
gcc (GCC) 14.2.1 20240910
Copyright (C) 2024 Free Software Foundation, Inc.
This is free software; see the source for copying conditions.  There is NO
warranty; not even for MERCHANTABILITY or FITNESS FOR A PARTICULAR PURPOSE.

configure:5864: $? = 0
configure:5853: gcc -v >&5
Using built-in specs.
COLLECT_GCC=gcc
COLLECT_LTO_WRAPPER=/usr/lib/gcc/x86_64-pc-linux-gnu/14.2.1/lto-wrapper
Target: x86_64-pc-linux-gnu
Configured with: /build/gcc/src/gcc/configure --enable-languages=ada,c,c++,d,fortran,go,lto,m2,objc,obj-c++,rust --enable-bootstrap --prefix=/usr --libdir=/usr/lib --libexecdir=/usr/lib --mandir=/usr/share/man --infodir=/usr/share/info --with-bugurl=https://gitlab.archlinux.org/archlinux/packaging/packages/gcc/-/issues --with-build-config=bootstrap-lto --with-linker-hash-style=gnu --with-system-zlib --enable-__cxa_atexit --enable-cet=auto --enable-checking=release --enable-clocale=gnu --enable-default-pie --enable-default-ssp --enable-gnu-indirect-function --enable-gnu-unique-object --enable-libstdcxx-backtrace --enable-link-serialization=1 --enable-linker-build-id --enable-lto --enable-multilib --enable-plugin --enable-shared --enable-threads=posix --disable-libssp --disable-libstdcxx-pch --disable-werror
Thread model: posix
Supported LTO compression algorithms: zlib zstd
gcc version 14.2.1 20240910 (GCC) 
configure:5864: $? = 0
configure:5853: gcc -V >&5
gcc: error: unrecognized command-line option '-V'
gcc: fatal error: no input files
compilation terminated.
configure:5864: $? = 1
configure:5853: gcc -qversion >&5
gcc: error: unrecognized command-line option '-qversion'; did you mean '--version'?
gcc: fatal error: no input files
compilation terminated.
configure:5864: $? = 1
configure:5853: gcc -version >&5
gcc: error: unrecognized command-line option '-version'
gcc: fatal error: no input files
compilation terminated.
configure:5864: $? = 1
configure:5868: checking whether the compiler supports GNU C
configure:5898: result: yes
configure:5909: checking whether gcc accepts -g
configure:5974: result: yes
configure:5994: checking for gcc option to enable C11 features
configure:6027: result: none needed
configure:6143: checking whether gcc understands -c and -o together
configure:6181: result: yes
configure:6200: checking dependency style of gcc
configure:6312: result: gcc3
configure:6355: gcc -std=gnu99 -o conftest -g -O2   conftest.c  >&5
configure:6355: $? = 0
configure:6355: ./conftest
configure:6355: $? = 0
configure:6376: checking how to run the C preprocessor
configure:6402: gcc -std=gnu99 -E  conftest.c
configure:6402: $? = 0
configure:6417: gcc -std=gnu99 -E  conftest.c
conftest.c:39:10: fatal error: ac_nonexistent.h: No such file or directory
   39 | #include <ac_nonexistent.h>
      |          ^~~~~~~~~~~~~~~~~~
compilation terminated.
configure:6417: $? = 1
configure: failed program was:
| /* confdefs.h */
| #define PACKAGE_NAME "procps-ng"
| #define PACKAGE_TARNAME "procps-ng"
| #define PACKAGE_VERSION "4.0.4"
| #define PACKAGE_STRING "procps-ng 4.0.4"
| #define PACKAGE_BUGREPORT "procps@freelists.org"
| #define PACKAGE_URL "https://gitlab.com/procps-ng/procps"
| #define PACKAGE "procps-ng"
| #define VERSION "4.0.4"
| #define HAVE_STDIO_H 1
| #define HAVE_STDLIB_H 1
| #define HAVE_STRING_H 1
| #define HAVE_INTTYPES_H 1
| #define HAVE_STDINT_H 1
| #define HAVE_STRINGS_H 1
| #define HAVE_SYS_STAT_H 1
| #define HAVE_SYS_TYPES_H 1
| #define HAVE_UNISTD_H 1
| #define HAVE_WCHAR_H 1
| #define HAVE_SYS_PARAM_H 1
| #define STDC_HEADERS 1
| #define _ALL_SOURCE 1
| #define _DARWIN_C_SOURCE 1
| #define _GNU_SOURCE 1
| #define _HPUX_ALT_XOPEN_SOCKET_API 1
| #define _NETBSD_SOURCE 1
| #define _OPENBSD_SOURCE 1
| #define _POSIX_PTHREAD_SEMANTICS 1
| #define __STDC_WANT_IEC_60559_ATTRIBS_EXT__ 1
| #define __STDC_WANT_IEC_60559_BFP_EXT__ 1
| #define __STDC_WANT_IEC_60559_DFP_EXT__ 1
| #define __STDC_WANT_IEC_60559_FUNCS_EXT__ 1
| #define __STDC_WANT_IEC_60559_TYPES_EXT__ 1
| #define __STDC_WANT_LIB_EXT2__ 1
| #define __STDC_WANT_MATH_SPEC_FUNCS__ 1
| #define _TANDEM_SOURCE 1
| #define __EXTENSIONS__ 1
| /* end confdefs.h.  */
| #include <ac_nonexistent.h>
configure:6444: result: gcc -std=gnu99 -E
configure:6458: gcc -std=gnu99 -E  conftest.c
configure:6458: $? = 0
configure:6473: gcc -std=gnu99 -E  conftest.c
conftest.c:39:10: fatal error: ac_nonexistent.h: No such file or directory
   39 | #include <ac_nonexistent.h>
      |          ^~~~~~~~~~~~~~~~~~
compilation terminated.
configure:6473: $? = 1
configure: failed program was:
| /* confdefs.h */
| #define PACKAGE_NAME "procps-ng"
| #define PACKAGE_TARNAME "procps-ng"
| #define PACKAGE_VERSION "4.0.4"
| #define PACKAGE_STRING "procps-ng 4.0.4"
| #define PACKAGE_BUGREPORT "procps@freelists.org"
| #define PACKAGE_URL "https://gitlab.com/procps-ng/procps"
| #define PACKAGE "procps-ng"
| #define VERSION "4.0.4"
| #define HAVE_STDIO_H 1
| #define HAVE_STDLIB_H 1
| #define HAVE_STRING_H 1
| #define HAVE_INTTYPES_H 1
| #define HAVE_STDINT_H 1
| #define HAVE_STRINGS_H 1
| #define HAVE_SYS_STAT_H 1
| #define HAVE_SYS_TYPES_H 1
| #define HAVE_UNISTD_H 1
| #define HAVE_WCHAR_H 1
| #define HAVE_SYS_PARAM_H 1
| #define STDC_HEADERS 1
| #define _ALL_SOURCE 1
| #define _DARWIN_C_SOURCE 1
| #define _GNU_SOURCE 1
| #define _HPUX_ALT_XOPEN_SOCKET_API 1
| #define _NETBSD_SOURCE 1
| #define _OPENBSD_SOURCE 1
| #define _POSIX_PTHREAD_SEMANTICS 1
| #define __STDC_WANT_IEC_60559_ATTRIBS_EXT__ 1
| #define __STDC_WANT_IEC_60559_BFP_EXT__ 1
| #define __STDC_WANT_IEC_60559_DFP_EXT__ 1
| #define __STDC_WANT_IEC_60559_FUNCS_EXT__ 1
| #define __STDC_WANT_IEC_60559_TYPES_EXT__ 1
| #define __STDC_WANT_LIB_EXT2__ 1
| #define __STDC_WANT_MATH_SPEC_FUNCS__ 1
| #define _TANDEM_SOURCE 1
| #define __EXTENSIONS__ 1
| /* end confdefs.h.  */
| #include <ac_nonexistent.h>
configure:6504: checking whether ln -s works
configure:6508: result: yes
configure:6576: checking for pkg-config
configure:6599: found /usr/bin/pkg-config
configure:6611: result: /usr/bin/pkg-config
configure:6636: checking pkg-config is at least version 0.9.0
configure:6639: result: yes
configure:6653: checking whether make sets $(MAKE)
configure:6676: result: yes
configure:6688: checking whether NLS is requested
configure:6698: result: yes
configure:6708: checking for po4a
configure:6729: found /usr/bin/vendor_perl/po4a
configure:6740: result: po4a
configure:6766: checking for sys/mkdev.h
configure:6766: gcc -std=gnu99 -c -g -O2  conftest.c >&5
conftest.c:67:10: fatal error: sys/mkdev.h: No such file or directory
   67 | #include <sys/mkdev.h>
      |          ^~~~~~~~~~~~~
compilation terminated.
configure:6766: $? = 1
configure: failed program was:
| /* confdefs.h */
| #define PACKAGE_NAME "procps-ng"
| #define PACKAGE_TARNAME "procps-ng"
| #define PACKAGE_VERSION "4.0.4"
| #define PACKAGE_STRING "procps-ng 4.0.4"
| #define PACKAGE_BUGREPORT "procps@freelists.org"
| #define PACKAGE_URL "https://gitlab.com/procps-ng/procps"
| #define PACKAGE "procps-ng"
| #define VERSION "4.0.4"
| #define HAVE_STDIO_H 1
| #define HAVE_STDLIB_H 1
| #define HAVE_STRING_H 1
| #define HAVE_INTTYPES_H 1
| #define HAVE_STDINT_H 1
| #define HAVE_STRINGS_H 1
| #define HAVE_SYS_STAT_H 1
| #define HAVE_SYS_TYPES_H 1
| #define HAVE_UNISTD_H 1
| #define HAVE_WCHAR_H 1
| #define HAVE_SYS_PARAM_H 1
| #define STDC_HEADERS 1
| #define _ALL_SOURCE 1
| #define _DARWIN_C_SOURCE 1
| #define _GNU_SOURCE 1
| #define _HPUX_ALT_XOPEN_SOCKET_API 1
| #define _NETBSD_SOURCE 1
| #define _OPENBSD_SOURCE 1
| #define _POSIX_PTHREAD_SEMANTICS 1
| #define __STDC_WANT_IEC_60559_ATTRIBS_EXT__ 1
| #define __STDC_WANT_IEC_60559_BFP_EXT__ 1
| #define __STDC_WANT_IEC_60559_DFP_EXT__ 1
| #define __STDC_WANT_IEC_60559_FUNCS_EXT__ 1
| #define __STDC_WANT_IEC_60559_TYPES_EXT__ 1
| #define __STDC_WANT_LIB_EXT2__ 1
| #define __STDC_WANT_MATH_SPEC_FUNCS__ 1
| #define _TANDEM_SOURCE 1
| #define __EXTENSIONS__ 1
| /* end confdefs.h.  */
| #include <stddef.h>
| #ifdef HAVE_STDIO_H
| # include <stdio.h>
| #endif
| #ifdef HAVE_STDLIB_H
| # include <stdlib.h>
| #endif
| #ifdef HAVE_STRING_H
| # include <string.h>
| #endif
| #ifdef HAVE_INTTYPES_H
| # include <inttypes.h>
| #endif
| #ifdef HAVE_STDINT_H
| # include <stdint.h>
| #endif
| #ifdef HAVE_STRINGS_H
| # include <strings.h>
| #endif
| #ifdef HAVE_SYS_TYPES_H
| # include <sys/types.h>
| #endif
| #ifdef HAVE_SYS_STAT_H
| # include <sys/stat.h>
| #endif
| #ifdef HAVE_UNISTD_H
| # include <unistd.h>
| #endif
| #include <sys/mkdev.h>
configure:6766: result: no
configure:6775: checking for sys/sysmacros.h
configure:6775: gcc -std=gnu99 -c -g -O2  conftest.c >&5
configure:6775: $? = 0
configure:6775: result: yes
configure:6785: checking for arpa/inet.h
configure:6785: gcc -std=gnu99 -c -g -O2  conftest.c >&5
configure:6785: $? = 0
configure:6785: result: yes
configure:6791: checking for fcntl.h
configure:6791: gcc -std=gnu99 -c -g -O2  conftest.c >&5
configure:6791: $? = 0
configure:6791: result: yes
configure:6797: checking for float.h
configure:6797: gcc -std=gnu99 -c -g -O2  conftest.c >&5
configure:6797: $? = 0
configure:6797: result: yes
configure:6803: checking for langinfo.h
configure:6803: gcc -std=gnu99 -c -g -O2  conftest.c >&5
configure:6803: $? = 0
configure:6803: result: yes
configure:6809: checking for libintl.h
configure:6809: gcc -std=gnu99 -c -g -O2  conftest.c >&5
configure:6809: $? = 0
configure:6809: result: yes
configure:6815: checking for limits.h
configure:6815: gcc -std=gnu99 -c -g -O2  conftest.c >&5
configure:6815: $? = 0
configure:6815: result: yes
configure:6821: checking for locale.h
configure:6821: gcc -std=gnu99 -c -g -O2  conftest.c >&5
configure:6821: $? = 0
configure:6821: result: yes
configure:6827: checking for stdint.h
configure:6827: result: yes
configure:6833: checking for stdio_ext.h
configure:6833: gcc -std=gnu99 -c -g -O2  conftest.c >&5
configure:6833: $? = 0
configure:6833: result: yes
configure:6839: checking for stdlib.h
configure:6839: result: yes
configure:6845: checking for string.h
configure:6845: result: yes
configure:6851: checking for sys/file.h
configure:6851: gcc -std=gnu99 -c -g -O2  conftest.c >&5
configure:6851: $? = 0
configure:6851: result: yes
configure:6857: checking for sys/ioctl.h
configure:6857: gcc -std=gnu99 -c -g -O2  conftest.c >&5
configure:6857: $? = 0
configure:6857: result: yes
configure:6863: checking for sys/param.h
configure:6863: result: yes
configure:6869: checking for sys/time.h
configure:6869: gcc -std=gnu99 -c -g -O2  conftest.c >&5
configure:6869: $? = 0
configure:6869: result: yes
configure:6875: checking for termios.h
configure:6875: gcc -std=gnu99 -c -g -O2  conftest.c >&5
configure:6875: $? = 0
configure:6875: result: yes
configure:6881: checking for unistd.h
configure:6881: result: yes
configure:6887: checking for utmp.h
configure:6887: gcc -std=gnu99 -c -g -O2  conftest.c >&5
configure:6887: $? = 0
configure:6887: result: yes
configure:6893: checking for utmpx.h
configure:6893: gcc -std=gnu99 -c -g -O2  conftest.c >&5
configure:6893: $? = 0
configure:6893: result: yes
configure:6899: checking for values.h
configure:6899: gcc -std=gnu99 -c -g -O2  conftest.c >&5
configure:6899: $? = 0
configure:6899: result: yes
configure:6905: checking for wchar.h
configure:6905: result: yes
configure:6911: checking for wctype.h
configure:6911: gcc -std=gnu99 -c -g -O2  conftest.c >&5
configure:6911: $? = 0
configure:6911: result: yes
configure:6920: checking for _Bool
configure:6920: gcc -std=gnu99 -c -g -O2  conftest.c >&5
configure:6920: $? = 0
configure:6920: gcc -std=gnu99 -c -g -O2  conftest.c >&5
conftest.c: In function 'main':
conftest.c:93:20: error: expected expression before ')' token
   93 | if (sizeof ((_Bool)))
      |                    ^
configure:6920: $? = 1
configure: failed program was:
| /* confdefs.h */
| #define PACKAGE_NAME "procps-ng"
| #define PACKAGE_TARNAME "procps-ng"
| #define PACKAGE_VERSION "4.0.4"
| #define PACKAGE_STRING "procps-ng 4.0.4"
| #define PACKAGE_BUGREPORT "procps@freelists.org"
| #define PACKAGE_URL "https://gitlab.com/procps-ng/procps"
| #define PACKAGE "procps-ng"
| #define VERSION "4.0.4"
| #define HAVE_STDIO_H 1
| #define HAVE_STDLIB_H 1
| #define HAVE_STRING_H 1
| #define HAVE_INTTYPES_H 1
| #define HAVE_STDINT_H 1
| #define HAVE_STRINGS_H 1
| #define HAVE_SYS_STAT_H 1
| #define HAVE_SYS_TYPES_H 1
| #define HAVE_UNISTD_H 1
| #define HAVE_WCHAR_H 1
| #define HAVE_SYS_PARAM_H 1
| #define STDC_HEADERS 1
| #define _ALL_SOURCE 1
| #define _DARWIN_C_SOURCE 1
| #define _GNU_SOURCE 1
| #define _HPUX_ALT_XOPEN_SOCKET_API 1
| #define _NETBSD_SOURCE 1
| #define _OPENBSD_SOURCE 1
| #define _POSIX_PTHREAD_SEMANTICS 1
| #define __STDC_WANT_IEC_60559_ATTRIBS_EXT__ 1
| #define __STDC_WANT_IEC_60559_BFP_EXT__ 1
| #define __STDC_WANT_IEC_60559_DFP_EXT__ 1
| #define __STDC_WANT_IEC_60559_FUNCS_EXT__ 1
| #define __STDC_WANT_IEC_60559_TYPES_EXT__ 1
| #define __STDC_WANT_LIB_EXT2__ 1
| #define __STDC_WANT_MATH_SPEC_FUNCS__ 1
| #define _TANDEM_SOURCE 1
| #define __EXTENSIONS__ 1
| #define MAJOR_IN_SYSMACROS 1
| #define HAVE_ARPA_INET_H 1
| #define HAVE_FCNTL_H 1
| #define HAVE_FLOAT_H 1
| #define HAVE_LANGINFO_H 1
| #define HAVE_LIBINTL_H 1
| #define HAVE_LIMITS_H 1
| #define HAVE_LOCALE_H 1
| #define HAVE_STDINT_H 1
| #define HAVE_STDIO_EXT_H 1
| #define HAVE_STDLIB_H 1
| #define HAVE_STRING_H 1
| #define HAVE_SYS_FILE_H 1
| #define HAVE_SYS_IOCTL_H 1
| #define HAVE_SYS_PARAM_H 1
| #define HAVE_SYS_TIME_H 1
| #define HAVE_TERMIOS_H 1
| #define HAVE_UNISTD_H 1
| #define HAVE_UTMP_H 1
| #define HAVE_UTMPX_H 1
| #define HAVE_VALUES_H 1
| #define HAVE_WCHAR_H 1
| #define HAVE_WCTYPE_H 1
| /* end confdefs.h.  */
| #include <stddef.h>
| #ifdef HAVE_STDIO_H
| # include <stdio.h>
| #endif
| #ifdef HAVE_STDLIB_H
| # include <stdlib.h>
| #endif
| #ifdef HAVE_STRING_H
| # include <string.h>
| #endif
| #ifdef HAVE_INTTYPES_H
| # include <inttypes.h>
| #endif
| #ifdef HAVE_STDINT_H
| # include <stdint.h>
| #endif
| #ifdef HAVE_STRINGS_H
| # include <strings.h>
| #endif
| #ifdef HAVE_SYS_TYPES_H
| # include <sys/types.h>
| #endif
| #ifdef HAVE_SYS_STAT_H
| # include <sys/stat.h>
| #endif
| #ifdef HAVE_UNISTD_H
| # include <unistd.h>
| #endif
| int
| main (void)
| {
| if (sizeof ((_Bool)))
| 	    return 0;
|   ;
|   return 0;
| }
configure:6920: result: yes
configure:6929: checking for stdbool.h that conforms to C99
configure:7045: gcc -std=gnu99 -c -g -O2  conftest.c >&5
configure:7045: $? = 0
configure:7053: result: yes
configure:7057: checking for grep that handles long lines and -e
configure:7121: result: /usr/bin/grep
configure:7126: checking for egrep
configure:7194: result: /usr/bin/grep -E
configure:7199: checking for uid_t in sys/types.h
configure:7220: result: yes
configure:7231: checking for inline
configure:7248: gcc -std=gnu99 -c -g -O2  conftest.c >&5
configure:7248: $? = 0
configure:7257: result: inline
configure:7275: checking for int32_t
configure:7275: gcc -std=gnu99 -c -g -O2  conftest.c >&5
configure:7275: $? = 0
configure:7275: gcc -std=gnu99 -c -g -O2  conftest.c >&5
conftest.c: In function 'main':
conftest.c:96:67: warning: integer overflow in expression of type 'int' results in '-2147483648' [-Woverflow]
   96 |                  < (int32_t) (((((int32_t) 1 << N) << N) - 1) * 2 + 2))];
      |                                                                   ^
conftest.c:95:12: error: storage size of 'test_array' isn't constant
   95 | static int test_array [1 - 2 * !((int32_t) (((((int32_t) 1 << N) << N) - 1) * 2 + 1)
      |            ^~~~~~~~~~
configure:7275: $? = 1
configure: failed program was:
| /* confdefs.h */
| #define PACKAGE_NAME "procps-ng"
| #define PACKAGE_TARNAME "procps-ng"
| #define PACKAGE_VERSION "4.0.4"
| #define PACKAGE_STRING "procps-ng 4.0.4"
| #define PACKAGE_BUGREPORT "procps@freelists.org"
| #define PACKAGE_URL "https://gitlab.com/procps-ng/procps"
| #define PACKAGE "procps-ng"
| #define VERSION "4.0.4"
| #define HAVE_STDIO_H 1
| #define HAVE_STDLIB_H 1
| #define HAVE_STRING_H 1
| #define HAVE_INTTYPES_H 1
| #define HAVE_STDINT_H 1
| #define HAVE_STRINGS_H 1
| #define HAVE_SYS_STAT_H 1
| #define HAVE_SYS_TYPES_H 1
| #define HAVE_UNISTD_H 1
| #define HAVE_WCHAR_H 1
| #define HAVE_SYS_PARAM_H 1
| #define STDC_HEADERS 1
| #define _ALL_SOURCE 1
| #define _DARWIN_C_SOURCE 1
| #define _GNU_SOURCE 1
| #define _HPUX_ALT_XOPEN_SOCKET_API 1
| #define _NETBSD_SOURCE 1
| #define _OPENBSD_SOURCE 1
| #define _POSIX_PTHREAD_SEMANTICS 1
| #define __STDC_WANT_IEC_60559_ATTRIBS_EXT__ 1
| #define __STDC_WANT_IEC_60559_BFP_EXT__ 1
| #define __STDC_WANT_IEC_60559_DFP_EXT__ 1
| #define __STDC_WANT_IEC_60559_FUNCS_EXT__ 1
| #define __STDC_WANT_IEC_60559_TYPES_EXT__ 1
| #define __STDC_WANT_LIB_EXT2__ 1
| #define __STDC_WANT_MATH_SPEC_FUNCS__ 1
| #define _TANDEM_SOURCE 1
| #define __EXTENSIONS__ 1
| #define MAJOR_IN_SYSMACROS 1
| #define HAVE_ARPA_INET_H 1
| #define HAVE_FCNTL_H 1
| #define HAVE_FLOAT_H 1
| #define HAVE_LANGINFO_H 1
| #define HAVE_LIBINTL_H 1
| #define HAVE_LIMITS_H 1
| #define HAVE_LOCALE_H 1
| #define HAVE_STDINT_H 1
| #define HAVE_STDIO_EXT_H 1
| #define HAVE_STDLIB_H 1
| #define HAVE_STRING_H 1
| #define HAVE_SYS_FILE_H 1
| #define HAVE_SYS_IOCTL_H 1
| #define HAVE_SYS_PARAM_H 1
| #define HAVE_SYS_TIME_H 1
| #define HAVE_TERMIOS_H 1
| #define HAVE_UNISTD_H 1
| #define HAVE_UTMP_H 1
| #define HAVE_UTMPX_H 1
| #define HAVE_VALUES_H 1
| #define HAVE_WCHAR_H 1
| #define HAVE_WCTYPE_H 1
| #define HAVE__BOOL 1
| /* end confdefs.h.  */
| #include <stddef.h>
| #ifdef HAVE_STDIO_H
| # include <stdio.h>
| #endif
| #ifdef HAVE_STDLIB_H
| # include <stdlib.h>
| #endif
| #ifdef HAVE_STRING_H
| # include <string.h>
| #endif
| #ifdef HAVE_INTTYPES_H
| # include <inttypes.h>
| #endif
| #ifdef HAVE_STDINT_H
| # include <stdint.h>
| #endif
| #ifdef HAVE_STRINGS_H
| # include <strings.h>
| #endif
| #ifdef HAVE_SYS_TYPES_H
| # include <sys/types.h>
| #endif
| #ifdef HAVE_SYS_STAT_H
| # include <sys/stat.h>
| #endif
| #ifdef HAVE_UNISTD_H
| # include <unistd.h>
| #endif
| 	        enum { N = 32 / 2 - 1 };
| int
| main (void)
| {
| static int test_array [1 - 2 * !((int32_t) (((((int32_t) 1 << N) << N) - 1) * 2 + 1)
| 		 < (int32_t) (((((int32_t) 1 << N) << N) - 1) * 2 + 2))];
| test_array [0] = 0;
| return test_array [0];
| 
|   ;
|   return 0;
| }
configure:7275: result: yes
configure:7285: checking for pid_t
configure:7285: gcc -std=gnu99 -c -g -O2  conftest.c >&5
configure:7285: $? = 0
configure:7285: gcc -std=gnu99 -c -g -O2  conftest.c >&5
conftest.c: In function 'main':
conftest.c:95:20: error: expected expression before ')' token
   95 | if (sizeof ((pid_t)))
      |                    ^
configure:7285: $? = 1
configure: failed program was:
| /* confdefs.h */
| #define PACKAGE_NAME "procps-ng"
| #define PACKAGE_TARNAME "procps-ng"
| #define PACKAGE_VERSION "4.0.4"
| #define PACKAGE_STRING "procps-ng 4.0.4"
| #define PACKAGE_BUGREPORT "procps@freelists.org"
| #define PACKAGE_URL "https://gitlab.com/procps-ng/procps"
| #define PACKAGE "procps-ng"
| #define VERSION "4.0.4"
| #define HAVE_STDIO_H 1
| #define HAVE_STDLIB_H 1
| #define HAVE_STRING_H 1
| #define HAVE_INTTYPES_H 1
| #define HAVE_STDINT_H 1
| #define HAVE_STRINGS_H 1
| #define HAVE_SYS_STAT_H 1
| #define HAVE_SYS_TYPES_H 1
| #define HAVE_UNISTD_H 1
| #define HAVE_WCHAR_H 1
| #define HAVE_SYS_PARAM_H 1
| #define STDC_HEADERS 1
| #define _ALL_SOURCE 1
| #define _DARWIN_C_SOURCE 1
| #define _GNU_SOURCE 1
| #define _HPUX_ALT_XOPEN_SOCKET_API 1
| #define _NETBSD_SOURCE 1
| #define _OPENBSD_SOURCE 1
| #define _POSIX_PTHREAD_SEMANTICS 1
| #define __STDC_WANT_IEC_60559_ATTRIBS_EXT__ 1
| #define __STDC_WANT_IEC_60559_BFP_EXT__ 1
| #define __STDC_WANT_IEC_60559_DFP_EXT__ 1
| #define __STDC_WANT_IEC_60559_FUNCS_EXT__ 1
| #define __STDC_WANT_IEC_60559_TYPES_EXT__ 1
| #define __STDC_WANT_LIB_EXT2__ 1
| #define __STDC_WANT_MATH_SPEC_FUNCS__ 1
| #define _TANDEM_SOURCE 1
| #define __EXTENSIONS__ 1
| #define MAJOR_IN_SYSMACROS 1
| #define HAVE_ARPA_INET_H 1
| #define HAVE_FCNTL_H 1
| #define HAVE_FLOAT_H 1
| #define HAVE_LANGINFO_H 1
| #define HAVE_LIBINTL_H 1
| #define HAVE_LIMITS_H 1
| #define HAVE_LOCALE_H 1
| #define HAVE_STDINT_H 1
| #define HAVE_STDIO_EXT_H 1
| #define HAVE_STDLIB_H 1
| #define HAVE_STRING_H 1
| #define HAVE_SYS_FILE_H 1
| #define HAVE_SYS_IOCTL_H 1
| #define HAVE_SYS_PARAM_H 1
| #define HAVE_SYS_TIME_H 1
| #define HAVE_TERMIOS_H 1
| #define HAVE_UNISTD_H 1
| #define HAVE_UTMP_H 1
| #define HAVE_UTMPX_H 1
| #define HAVE_VALUES_H 1
| #define HAVE_WCHAR_H 1
| #define HAVE_WCTYPE_H 1
| #define HAVE__BOOL 1
| /* end confdefs.h.  */
| #include <stddef.h>
| #ifdef HAVE_STDIO_H
| # include <stdio.h>
| #endif
| #ifdef HAVE_STDLIB_H
| # include <stdlib.h>
| #endif
| #ifdef HAVE_STRING_H
| # include <string.h>
| #endif
| #ifdef HAVE_INTTYPES_H
| # include <inttypes.h>
| #endif
| #ifdef HAVE_STDINT_H
| # include <stdint.h>
| #endif
| #ifdef HAVE_STRINGS_H
| # include <strings.h>
| #endif
| #ifdef HAVE_SYS_TYPES_H
| # include <sys/types.h>
| #endif
| #ifdef HAVE_SYS_STAT_H
| # include <sys/stat.h>
| #endif
| #ifdef HAVE_UNISTD_H
| # include <unistd.h>
| #endif
| 
| int
| main (void)
| {
| if (sizeof ((pid_t)))
| 	    return 0;
|   ;
|   return 0;
| }
configure:7285: result: yes
configure:7321: checking for C/C++ restrict keyword
configure:7351: gcc -std=gnu99 -c -g -O2  conftest.c >&5
configure:7351: $? = 0
configure:7360: result: __restrict__
configure:7371: checking for size_t
configure:7371: gcc -std=gnu99 -c -g -O2  conftest.c >&5
configure:7371: $? = 0
configure:7371: gcc -std=gnu99 -c -g -O2  conftest.c >&5
conftest.c: In function 'main':
conftest.c:95:21: error: expected expression before ')' token
   95 | if (sizeof ((size_t)))
      |                     ^
configure:7371: $? = 1
configure: failed program was:
| /* confdefs.h */
| #define PACKAGE_NAME "procps-ng"
| #define PACKAGE_TARNAME "procps-ng"
| #define PACKAGE_VERSION "4.0.4"
| #define PACKAGE_STRING "procps-ng 4.0.4"
| #define PACKAGE_BUGREPORT "procps@freelists.org"
| #define PACKAGE_URL "https://gitlab.com/procps-ng/procps"
| #define PACKAGE "procps-ng"
| #define VERSION "4.0.4"
| #define HAVE_STDIO_H 1
| #define HAVE_STDLIB_H 1
| #define HAVE_STRING_H 1
| #define HAVE_INTTYPES_H 1
| #define HAVE_STDINT_H 1
| #define HAVE_STRINGS_H 1
| #define HAVE_SYS_STAT_H 1
| #define HAVE_SYS_TYPES_H 1
| #define HAVE_UNISTD_H 1
| #define HAVE_WCHAR_H 1
| #define HAVE_SYS_PARAM_H 1
| #define STDC_HEADERS 1
| #define _ALL_SOURCE 1
| #define _DARWIN_C_SOURCE 1
| #define _GNU_SOURCE 1
| #define _HPUX_ALT_XOPEN_SOCKET_API 1
| #define _NETBSD_SOURCE 1
| #define _OPENBSD_SOURCE 1
| #define _POSIX_PTHREAD_SEMANTICS 1
| #define __STDC_WANT_IEC_60559_ATTRIBS_EXT__ 1
| #define __STDC_WANT_IEC_60559_BFP_EXT__ 1
| #define __STDC_WANT_IEC_60559_DFP_EXT__ 1
| #define __STDC_WANT_IEC_60559_FUNCS_EXT__ 1
| #define __STDC_WANT_IEC_60559_TYPES_EXT__ 1
| #define __STDC_WANT_LIB_EXT2__ 1
| #define __STDC_WANT_MATH_SPEC_FUNCS__ 1
| #define _TANDEM_SOURCE 1
| #define __EXTENSIONS__ 1
| #define MAJOR_IN_SYSMACROS 1
| #define HAVE_ARPA_INET_H 1
| #define HAVE_FCNTL_H 1
| #define HAVE_FLOAT_H 1
| #define HAVE_LANGINFO_H 1
| #define HAVE_LIBINTL_H 1
| #define HAVE_LIMITS_H 1
| #define HAVE_LOCALE_H 1
| #define HAVE_STDINT_H 1
| #define HAVE_STDIO_EXT_H 1
| #define HAVE_STDLIB_H 1
| #define HAVE_STRING_H 1
| #define HAVE_SYS_FILE_H 1
| #define HAVE_SYS_IOCTL_H 1
| #define HAVE_SYS_PARAM_H 1
| #define HAVE_SYS_TIME_H 1
| #define HAVE_TERMIOS_H 1
| #define HAVE_UNISTD_H 1
| #define HAVE_UTMP_H 1
| #define HAVE_UTMPX_H 1
| #define HAVE_VALUES_H 1
| #define HAVE_WCHAR_H 1
| #define HAVE_WCTYPE_H 1
| #define HAVE__BOOL 1
| #define restrict __restrict__
| /* end confdefs.h.  */
| #include <stddef.h>
| #ifdef HAVE_STDIO_H
| # include <stdio.h>
| #endif
| #ifdef HAVE_STDLIB_H
| # include <stdlib.h>
| #endif
| #ifdef HAVE_STRING_H
| # include <string.h>
| #endif
| #ifdef HAVE_INTTYPES_H
| # include <inttypes.h>
| #endif
| #ifdef HAVE_STDINT_H
| # include <stdint.h>
| #endif
| #ifdef HAVE_STRINGS_H
| # include <strings.h>
| #endif
| #ifdef HAVE_SYS_TYPES_H
| # include <sys/types.h>
| #endif
| #ifdef HAVE_SYS_STAT_H
| # include <sys/stat.h>
| #endif
| #ifdef HAVE_UNISTD_H
| # include <unistd.h>
| #endif
| int
| main (void)
| {
| if (sizeof ((size_t)))
| 	    return 0;
|   ;
|   return 0;
| }
configure:7371: result: yes
configure:7381: checking for ssize_t
configure:7381: gcc -std=gnu99 -c -g -O2  conftest.c >&5
configure:7381: $? = 0
configure:7381: gcc -std=gnu99 -c -g -O2  conftest.c >&5
conftest.c: In function 'main':
conftest.c:95:22: error: expected expression before ')' token
   95 | if (sizeof ((ssize_t)))
      |                      ^
configure:7381: $? = 1
configure: failed program was:
| /* confdefs.h */
| #define PACKAGE_NAME "procps-ng"
| #define PACKAGE_TARNAME "procps-ng"
| #define PACKAGE_VERSION "4.0.4"
| #define PACKAGE_STRING "procps-ng 4.0.4"
| #define PACKAGE_BUGREPORT "procps@freelists.org"
| #define PACKAGE_URL "https://gitlab.com/procps-ng/procps"
| #define PACKAGE "procps-ng"
| #define VERSION "4.0.4"
| #define HAVE_STDIO_H 1
| #define HAVE_STDLIB_H 1
| #define HAVE_STRING_H 1
| #define HAVE_INTTYPES_H 1
| #define HAVE_STDINT_H 1
| #define HAVE_STRINGS_H 1
| #define HAVE_SYS_STAT_H 1
| #define HAVE_SYS_TYPES_H 1
| #define HAVE_UNISTD_H 1
| #define HAVE_WCHAR_H 1
| #define HAVE_SYS_PARAM_H 1
| #define STDC_HEADERS 1
| #define _ALL_SOURCE 1
| #define _DARWIN_C_SOURCE 1
| #define _GNU_SOURCE 1
| #define _HPUX_ALT_XOPEN_SOCKET_API 1
| #define _NETBSD_SOURCE 1
| #define _OPENBSD_SOURCE 1
| #define _POSIX_PTHREAD_SEMANTICS 1
| #define __STDC_WANT_IEC_60559_ATTRIBS_EXT__ 1
| #define __STDC_WANT_IEC_60559_BFP_EXT__ 1
| #define __STDC_WANT_IEC_60559_DFP_EXT__ 1
| #define __STDC_WANT_IEC_60559_FUNCS_EXT__ 1
| #define __STDC_WANT_IEC_60559_TYPES_EXT__ 1
| #define __STDC_WANT_LIB_EXT2__ 1
| #define __STDC_WANT_MATH_SPEC_FUNCS__ 1
| #define _TANDEM_SOURCE 1
| #define __EXTENSIONS__ 1
| #define MAJOR_IN_SYSMACROS 1
| #define HAVE_ARPA_INET_H 1
| #define HAVE_FCNTL_H 1
| #define HAVE_FLOAT_H 1
| #define HAVE_LANGINFO_H 1
| #define HAVE_LIBINTL_H 1
| #define HAVE_LIMITS_H 1
| #define HAVE_LOCALE_H 1
| #define HAVE_STDINT_H 1
| #define HAVE_STDIO_EXT_H 1
| #define HAVE_STDLIB_H 1
| #define HAVE_STRING_H 1
| #define HAVE_SYS_FILE_H 1
| #define HAVE_SYS_IOCTL_H 1
| #define HAVE_SYS_PARAM_H 1
| #define HAVE_SYS_TIME_H 1
| #define HAVE_TERMIOS_H 1
| #define HAVE_UNISTD_H 1
| #define HAVE_UTMP_H 1
| #define HAVE_UTMPX_H 1
| #define HAVE_VALUES_H 1
| #define HAVE_WCHAR_H 1
| #define HAVE_WCTYPE_H 1
| #define HAVE__BOOL 1
| #define restrict __restrict__
| /* end confdefs.h.  */
| #include <stddef.h>
| #ifdef HAVE_STDIO_H
| # include <stdio.h>
| #endif
| #ifdef HAVE_STDLIB_H
| # include <stdlib.h>
| #endif
| #ifdef HAVE_STRING_H
| # include <string.h>
| #endif
| #ifdef HAVE_INTTYPES_H
| # include <inttypes.h>
| #endif
| #ifdef HAVE_STDINT_H
| # include <stdint.h>
| #endif
| #ifdef HAVE_STRINGS_H
| # include <strings.h>
| #endif
| #ifdef HAVE_SYS_TYPES_H
| # include <sys/types.h>
| #endif
| #ifdef HAVE_SYS_STAT_H
| # include <sys/stat.h>
| #endif
| #ifdef HAVE_UNISTD_H
| # include <unistd.h>
| #endif
| int
| main (void)
| {
| if (sizeof ((ssize_t)))
| 	    return 0;
|   ;
|   return 0;
| }
configure:7381: result: yes
configure:7391: checking for struct stat.st_rdev
configure:7391: gcc -std=gnu99 -c -g -O2  conftest.c >&5
configure:7391: $? = 0
configure:7391: result: yes
configure:7400: checking for siginfo_t.si_int
configure:7400: gcc -std=gnu99 -c -g -O2  conftest.c >&5
configure:7400: $? = 0
configure:7400: result: yes
configure:7413: checking for gcc -std=gnu99 options needed to detect all undeclared functions
configure:7435: gcc -std=gnu99 -c -g -O2   conftest.c >&5
conftest.c: In function 'main':
conftest.c:70:8: error: 'strchr' undeclared (first use in this function)
   70 | (void) strchr;
      |        ^~~~~~
conftest.c:1:1: note: 'strchr' is defined in header '<string.h>'; this is probably fixable by adding '#include <string.h>'
    1 | /* confdefs.h */
conftest.c:70:8: note: each undeclared identifier is reported only once for each function it appears in
   70 | (void) strchr;
      |        ^~~~~~
configure:7435: $? = 1
configure: failed program was:
| /* confdefs.h */
| #define PACKAGE_NAME "procps-ng"
| #define PACKAGE_TARNAME "procps-ng"
| #define PACKAGE_VERSION "4.0.4"
| #define PACKAGE_STRING "procps-ng 4.0.4"
| #define PACKAGE_BUGREPORT "procps@freelists.org"
| #define PACKAGE_URL "https://gitlab.com/procps-ng/procps"
| #define PACKAGE "procps-ng"
| #define VERSION "4.0.4"
| #define HAVE_STDIO_H 1
| #define HAVE_STDLIB_H 1
| #define HAVE_STRING_H 1
| #define HAVE_INTTYPES_H 1
| #define HAVE_STDINT_H 1
| #define HAVE_STRINGS_H 1
| #define HAVE_SYS_STAT_H 1
| #define HAVE_SYS_TYPES_H 1
| #define HAVE_UNISTD_H 1
| #define HAVE_WCHAR_H 1
| #define HAVE_SYS_PARAM_H 1
| #define STDC_HEADERS 1
| #define _ALL_SOURCE 1
| #define _DARWIN_C_SOURCE 1
| #define _GNU_SOURCE 1
| #define _HPUX_ALT_XOPEN_SOCKET_API 1
| #define _NETBSD_SOURCE 1
| #define _OPENBSD_SOURCE 1
| #define _POSIX_PTHREAD_SEMANTICS 1
| #define __STDC_WANT_IEC_60559_ATTRIBS_EXT__ 1
| #define __STDC_WANT_IEC_60559_BFP_EXT__ 1
| #define __STDC_WANT_IEC_60559_DFP_EXT__ 1
| #define __STDC_WANT_IEC_60559_FUNCS_EXT__ 1
| #define __STDC_WANT_IEC_60559_TYPES_EXT__ 1
| #define __STDC_WANT_LIB_EXT2__ 1
| #define __STDC_WANT_MATH_SPEC_FUNCS__ 1
| #define _TANDEM_SOURCE 1
| #define __EXTENSIONS__ 1
| #define MAJOR_IN_SYSMACROS 1
| #define HAVE_ARPA_INET_H 1
| #define HAVE_FCNTL_H 1
| #define HAVE_FLOAT_H 1
| #define HAVE_LANGINFO_H 1
| #define HAVE_LIBINTL_H 1
| #define HAVE_LIMITS_H 1
| #define HAVE_LOCALE_H 1
| #define HAVE_STDINT_H 1
| #define HAVE_STDIO_EXT_H 1
| #define HAVE_STDLIB_H 1
| #define HAVE_STRING_H 1
| #define HAVE_SYS_FILE_H 1
| #define HAVE_SYS_IOCTL_H 1
| #define HAVE_SYS_PARAM_H 1
| #define HAVE_SYS_TIME_H 1
| #define HAVE_TERMIOS_H 1
| #define HAVE_UNISTD_H 1
| #define HAVE_UTMP_H 1
| #define HAVE_UTMPX_H 1
| #define HAVE_VALUES_H 1
| #define HAVE_WCHAR_H 1
| #define HAVE_WCTYPE_H 1
| #define HAVE__BOOL 1
| #define restrict __restrict__
| #define HAVE_STRUCT_STAT_ST_RDEV 1
| #define HAVE_SIGINFO_T_SI_INT 1
| /* end confdefs.h.  */
| 
| int
| main (void)
| {
| (void) strchr;
|   ;
|   return 0;
| }
configure:7462: gcc -std=gnu99 -c -g -O2   conftest.c >&5
configure:7462: $? = 0
configure:7479: result: none needed
configure:7493: checking whether __UT_HOSTSIZE is declared
configure:7493: gcc -std=gnu99 -c -g -O2   conftest.c >&5
configure:7493: $? = 0
configure:7493: result: yes
configure:7543: checking build system type
configure:7558: result: x86_64-pc-linux-gnu
configure:7578: checking host system type
configure:7592: result: x86_64-pc-linux-gnu
configure:7633: checking how to print strings
configure:7660: result: printf
configure:7681: checking for a sed that does not truncate output
configure:7751: result: /usr/bin/sed
configure:7769: checking for fgrep
configure:7837: result: /usr/bin/grep -F
configure:7873: checking for ld used by gcc -std=gnu99
configure:7941: result: /usr/bin/ld
configure:7948: checking if the linker (/usr/bin/ld) is GNU ld
configure:7964: result: yes
configure:7976: checking for BSD- or MS-compatible name lister (nm)
configure:8031: result: /usr/bin/nm -B
configure:8171: checking the name lister (/usr/bin/nm -B) interface
configure:8179: gcc -std=gnu99 -c -g -O2  conftest.c >&5
configure:8182: /usr/bin/nm -B "conftest.o"
configure:8185: output
0000000000000000 B some_variable
configure:8192: result: BSD nm
configure:8196: checking the maximum length of command line arguments
configure:8328: result: 1572864
configure:8376: checking how to convert x86_64-pc-linux-gnu file names to x86_64-pc-linux-gnu format
configure:8417: result: func_convert_file_noop
configure:8424: checking how to convert x86_64-pc-linux-gnu file names to toolchain format
configure:8445: result: func_convert_file_noop
configure:8452: checking for /usr/bin/ld option to reload object files
configure:8460: result: -r
configure:8539: checking for file
configure:8560: found /usr/bin/file
configure:8571: result: file
configure:8647: checking for objdump
configure:8668: found /usr/bin/objdump
configure:8679: result: objdump
configure:8711: checking how to recognize dependent libraries
configure:8912: result: pass_all
configure:9002: checking for dlltool
configure:9037: result: no
configure:9067: checking how to associate runtime and link libraries
configure:9095: result: printf %s\n
configure:9160: checking for ar
configure:9181: found /usr/bin/ar
configure:9192: result: ar
configure:9245: checking for archiver @FILE support
configure:9263: gcc -std=gnu99 -c -g -O2  conftest.c >&5
configure:9263: $? = 0
configure:9267: ar cr libconftest.a @conftest.lst >&5
configure:9270: $? = 0
configure:9275: ar cr libconftest.a @conftest.lst >&5
ar: conftest.o: No such file or directory
configure:9278: $? = 1
configure:9290: result: @
configure:9353: checking for strip
configure:9374: found /usr/bin/strip
configure:9385: result: strip
configure:9462: checking for ranlib
configure:9483: found /usr/bin/ranlib
configure:9494: result: ranlib
configure:9596: checking command to parse /usr/bin/nm -B output from gcc -std=gnu99 object
configure:9750: gcc -std=gnu99 -c -g -O2  conftest.c >&5
configure:9753: $? = 0
configure:9757: /usr/bin/nm -B conftest.o | /usr/bin/sed -n -e 's/^.*[	 ]\([ABCDGIRSTW][ABCDGIRSTW]*\)[	 ][	 ]*\([_A-Za-z][_A-Za-z0-9]*\)$/\1 \2 \2/p' | /usr/bin/sed '/ __gnu_lto/d' > conftest.nm
configure:9823: gcc -std=gnu99 -o conftest -g -O2   conftest.c conftstm.o >&5
configure:9826: $? = 0
configure:9864: result: ok
configure:9911: checking for sysroot
configure:9942: result: no
configure:9949: checking for a working dd
configure:9993: result: /usr/bin/dd
configure:9997: checking how to truncate binary pipes
configure:10013: result: /usr/bin/dd bs=4096 count=1
configure:10150: gcc -std=gnu99 -c -g -O2  conftest.c >&5
configure:10153: $? = 0
configure:10350: checking for mt
configure:10385: result: no
configure:10405: checking if : is a manifest tool
configure:10412: : '-?'
configure:10420: result: no
configure:11141: checking for dlfcn.h
configure:11141: gcc -std=gnu99 -c -g -O2  conftest.c >&5
configure:11141: $? = 0
configure:11141: result: yes
configure:11400: checking for objdir
configure:11416: result: .libs
configure:11680: checking if gcc -std=gnu99 supports -fno-rtti -fno-exceptions
configure:11699: gcc -std=gnu99 -c -g -O2  -fno-rtti -fno-exceptions conftest.c >&5
cc1: warning: command-line option '-fno-rtti' is valid for C++/D/ObjC++ but not for C
configure:11703: $? = 0
configure:11716: result: no
configure:12080: checking for gcc -std=gnu99 option to produce PIC
configure:12088: result: -fPIC -DPIC
configure:12096: checking if gcc -std=gnu99 PIC flag -fPIC -DPIC works
configure:12115: gcc -std=gnu99 -c -g -O2  -fPIC -DPIC -DPIC conftest.c >&5
configure:12119: $? = 0
configure:12132: result: yes
configure:12161: checking if gcc -std=gnu99 static flag -static works
configure:12190: result: yes
configure:12205: checking if gcc -std=gnu99 supports -c -o file.o
configure:12227: gcc -std=gnu99 -c -g -O2  -o out/conftest2.o conftest.c >&5
configure:12231: $? = 0
configure:12253: result: yes
configure:12261: checking if gcc -std=gnu99 supports -c -o file.o
configure:12309: result: yes
configure:12342: checking whether the gcc -std=gnu99 linker (/usr/bin/ld) supports shared libraries
configure:13616: result: yes
configure:13653: checking whether -lc should be explicitly linked in
configure:13662: gcc -std=gnu99 -c -g -O2  conftest.c >&5
configure:13665: $? = 0
configure:13680: gcc -std=gnu99 -shared  -fPIC -DPIC conftest.o  -v -Wl,-soname -Wl,conftest -o conftest 2\>\&1 \| /usr/bin/grep  -lc  \>/dev/null 2\>\&1
configure:13683: $? = 0
configure:13697: result: no
configure:13857: checking dynamic linker characteristics
configure:14439: gcc -std=gnu99 -o conftest -g -O2   -Wl,-rpath -Wl,/foo conftest.c  >&5
configure:14439: $? = 0
configure:14690: result: GNU/Linux ld.so
configure:14812: checking how to hardcode library paths into programs
configure:14837: result: immediate
configure:15389: checking whether stripping libraries is possible
configure:15398: result: yes
configure:15440: checking if libtool supports shared libraries
configure:15442: result: yes
configure:15445: checking whether to build shared libraries
configure:15470: result: yes
configure:15473: checking whether to build static libraries
configure:15477: result: no
configure:15516: checking for error_at_line
configure:15533: gcc -std=gnu99 -o conftest -g -O2   conftest.c  >&5
configure:15533: $? = 0
configure:15542: result: yes
configure:15558: checking for fork
configure:15558: gcc -std=gnu99 -o conftest -g -O2   conftest.c  >&5
conftest.c:86:6: warning: conflicting types for built-in function 'fork'; expected 'int(void)' [-Wbuiltin-declaration-mismatch]
   86 | char fork ();
      |      ^~~~
configure:15558: $? = 0
configure:15558: result: yes
configure:15558: checking for vfork
configure:15558: gcc -std=gnu99 -o conftest -g -O2   conftest.c  >&5
configure:15558: $? = 0
configure:15558: result: yes
configure:15558: checking for getpagesize
configure:15558: gcc -std=gnu99 -o conftest -g -O2   conftest.c  >&5
configure:15558: $? = 0
configure:15558: result: yes
configure:15571: checking for working fork
configure:15595: gcc -std=gnu99 -o conftest -g -O2   conftest.c  >&5
configure:15595: $? = 0
configure:15595: ./conftest
configure:15595: $? = 0
configure:15606: result: yes
configure:15627: checking for working vfork
configure:15756: result: yes
configure:15781: checking for GNU libc compatible malloc
configure:15813: gcc -std=gnu99 -o conftest -g -O2   conftest.c  >&5
configure:15813: $? = 0
configure:15813: ./conftest
configure:15813: $? = 0
configure:15824: result: yes
configure:15847: checking whether mbrtowc and mbstate_t are properly declared
configure:15868: gcc -std=gnu99 -o conftest -g -O2   conftest.c  >&5
configure:15868: $? = 0
configure:15877: result: yes
configure:15889: checking for working mmap
configure:16041: gcc -std=gnu99 -o conftest -g -O2   conftest.c  >&5
configure:16041: $? = 0
configure:16041: ./conftest
configure:16041: $? = 0
configure:16052: result: yes
configure:16061: checking for GNU libc compatible realloc
configure:16093: gcc -std=gnu99 -o conftest -g -O2   conftest.c  >&5
configure:16093: $? = 0
configure:16093: ./conftest
configure:16093: $? = 0
configure:16104: result: yes
configure:16126: checking for working strcoll
configure:16154: gcc -std=gnu99 -o conftest -g -O2   conftest.c  >&5
configure:16154: $? = 0
configure:16154: ./conftest
configure:16154: $? = 0
configure:16165: result: yes
configure:16173: checking for working strtod
configure:16216: gcc -std=gnu99 -o conftest -g -O2   conftest.c  >&5
configure:16216: $? = 0
configure:16216: ./conftest
configure:16216: $? = 0
configure:16227: result: yes
configure:16367: checking for msgfmt
configure:16399: result: /usr/bin/msgfmt
configure:16408: checking for gmsgfmt
configure:16444: result: /usr/bin/msgfmt
configure:16484: checking for xgettext
configure:16516: result: /usr/bin/xgettext
configure:16556: checking for msgmerge
configure:16587: result: /usr/bin/msgmerge
configure:16663: checking for ld used by GCC
configure:16728: result: /usr/bin/ld
configure:16735: checking if the linker (/usr/bin/ld) is GNU ld
configure:16749: result: yes
configure:16755: checking for shared library run path origin
configure:16769: result: done
configure:17187: checking whether NLS is requested
configure:17197: result: yes
configure:17215: checking for GNU gettext in libc
configure:17235: gcc -std=gnu99 -o conftest -g -O2   conftest.c  >&5
conftest.c: In function 'main':
conftest.c:88:8: warning: cast from pointer to integer of different size [-Wpointer-to-int-cast]
   88 | return (int) gettext ("") + _nl_msg_cat_cntr + *_nl_domain_bindings
      |        ^
configure:17235: $? = 0
configure:17244: result: yes
configure:17831: checking whether to use NLS
configure:17833: result: yes
configure:17836: checking where the gettext function comes from
configure:17847: result: libc
configure:17911: checking for error.h
configure:17911: gcc -std=gnu99 -c -g -O2  conftest.c >&5
configure:17911: $? = 0
configure:17911: result: yes
configure:17920: checking for stdio_ext.h
configure:17920: result: yes
configure:17929: checking for __progname
configure:17944: gcc -std=gnu99 -o conftest -g -O2   conftest.c  >&5
configure:17944: $? = 0
configure:17949: result: yes
configure:17958: checking whether program_invocation_name is defined
configure:17971: gcc -std=gnu99 -c -g -O2  conftest.c >&5
configure:17971: $? = 0
configure:17976: result: yes
configure:17984: checking whether program_invocation_short_name is defined
configure:17997: gcc -std=gnu99 -c -g -O2  conftest.c >&5
configure:17997: $? = 0
configure:18002: result: yes
configure:18010: checking for pidfd_open
configure:18010: gcc -std=gnu99 -o conftest -g -O2   conftest.c  >&5
configure:18010: $? = 0
configure:18010: result: yes
configure:18185: checking for ncursesw
configure:18192: $PKG_CONFIG --exists --print-errors "ncursesw"
configure:18195: $? = 0
configure:18209: $PKG_CONFIG --exists --print-errors "ncursesw"
configure:18212: $? = 0
configure:18412: result: yes
configure:18455: checking for libsystemd
configure:18462: $PKG_CONFIG --exists --print-errors "libsystemd"
configure:18465: $? = 0
configure:18479: $PKG_CONFIG --exists --print-errors "libsystemd"
configure:18482: $? = 0
configure:18702: result: yes
configure:18714: checking for sd_session_get_leader
configure:18714: gcc -std=gnu99 -o conftest -g -O2   conftest.c  -lsystemd >&5
configure:18714: $? = 0
configure:18714: result: yes
configure:19039: checking for library containing dlopen
configure:19069: gcc -std=gnu99 -o conftest -g -O2   conftest.c  >&5
configure:19069: $? = 0
configure:19089: result: none required
configure:19142: checking for __fpending
configure:19142: gcc -std=gnu99 -o conftest -g -O2   conftest.c  >&5
configure:19142: $? = 0
configure:19142: result: yes
configure:19148: checking for alarm
configure:19148: gcc -std=gnu99 -o conftest -g -O2   conftest.c  >&5
configure:19148: $? = 0
configure:19148: result: yes
configure:19154: checking for atexit
configure:19154: gcc -std=gnu99 -o conftest -g -O2   conftest.c  >&5
configure:19154: $? = 0
configure:19154: result: yes
configure:19160: checking for dup2
configure:19160: gcc -std=gnu99 -o conftest -g -O2   conftest.c  >&5
configure:19160: $? = 0
configure:19160: result: yes
configure:19166: checking for gethostname
configure:19166: gcc -std=gnu99 -o conftest -g -O2   conftest.c  >&5
configure:19166: $? = 0
configure:19166: result: yes
configure:19172: checking for getpagesize
configure:19172: result: yes
configure:19178: checking for gettimeofday
configure:19178: gcc -std=gnu99 -o conftest -g -O2   conftest.c  >&5
configure:19178: $? = 0
configure:19178: result: yes
configure:19184: checking for iswprint
configure:19184: gcc -std=gnu99 -o conftest -g -O2   conftest.c  >&5
conftest.c:117:6: warning: conflicting types for built-in function 'iswprint'; expected 'int(unsigned int)' [-Wbuiltin-declaration-mismatch]
  117 | char iswprint ();
      |      ^~~~~~~~
conftest.c:109:1: note: 'iswprint' is declared in header '<wctype.h>'
  108 | #include <limits.h>
  109 | #undef iswprint
configure:19184: $? = 0
configure:19184: result: yes
configure:19190: checking for memchr
configure:19190: gcc -std=gnu99 -o conftest -g -O2   conftest.c  >&5
conftest.c:118:6: warning: conflicting types for built-in function 'memchr'; expected 'void *(const void *, int,  long unsigned int)' [-Wbuiltin-declaration-mismatch]
  118 | char memchr ();
      |      ^~~~~~
conftest.c:110:1: note: 'memchr' is declared in header '<string.h>'
  109 | #include <limits.h>
  110 | #undef memchr
configure:19190: $? = 0
configure:19190: result: yes
configure:19196: checking for memmove
configure:19196: gcc -std=gnu99 -o conftest -g -O2   conftest.c  >&5
conftest.c:119:6: warning: conflicting types for built-in function 'memmove'; expected 'void *(void *, const void *, long unsigned int)' [-Wbuiltin-declaration-mismatch]
  119 | char memmove ();
      |      ^~~~~~~
conftest.c:111:1: note: 'memmove' is declared in header '<string.h>'
  110 | #include <limits.h>
  111 | #undef memmove
configure:19196: $? = 0
configure:19196: result: yes
configure:19202: checking for memset
configure:19202: gcc -std=gnu99 -o conftest -g -O2   conftest.c  >&5
conftest.c:120:6: warning: conflicting types for built-in function 'memset'; expected 'void *(void *, int,  long unsigned int)' [-Wbuiltin-declaration-mismatch]
  120 | char memset ();
      |      ^~~~~~
conftest.c:112:1: note: 'memset' is declared in header '<string.h>'
  111 | #include <limits.h>
  112 | #undef memset
configure:19202: $? = 0
configure:19202: result: yes
configure:19208: checking for mkdir
configure:19208: gcc -std=gnu99 -o conftest -g -O2   conftest.c  >&5
configure:19208: $? = 0
configure:19208: result: yes
configure:19214: checking for nl_langinfo
configure:19214: gcc -std=gnu99 -o conftest -g -O2   conftest.c  >&5
configure:19214: $? = 0
configure:19214: result: yes
configure:19220: checking for putenv
configure:19220: gcc -std=gnu99 -o conftest -g -O2   conftest.c  >&5
configure:19220: $? = 0
configure:19220: result: yes
configure:19226: checking for regcomp
configure:19226: gcc -std=gnu99 -o conftest -g -O2   conftest.c  >&5
configure:19226: $? = 0
configure:19226: result: yes
configure:19232: checking for rpmatch
configure:19232: gcc -std=gnu99 -o conftest -g -O2   conftest.c  >&5
configure:19232: $? = 0
configure:19232: result: yes
configure:19238: checking for select
configure:19238: gcc -std=gnu99 -o conftest -g -O2   conftest.c  >&5
configure:19238: $? = 0
configure:19238: result: yes
configure:19244: checking for setlocale
configure:19244: gcc -std=gnu99 -o conftest -g -O2   conftest.c  >&5
configure:19244: $? = 0
configure:19244: result: yes
configure:19250: checking for sigabbrev_np
configure:19250: gcc -std=gnu99 -o conftest -g -O2   conftest.c  >&5
configure:19250: $? = 0
configure:19250: result: yes
configure:19256: checking for strcasecmp
configure:19256: gcc -std=gnu99 -o conftest -g -O2   conftest.c  >&5
conftest.c:129:6: warning: conflicting types for built-in function 'strcasecmp'; expected 'int(const char *, const char *)' [-Wbuiltin-declaration-mismatch]
  129 | char strcasecmp ();
      |      ^~~~~~~~~~
configure:19256: $? = 0
configure:19256: result: yes
configure:19262: checking for strchr
configure:19262: gcc -std=gnu99 -o conftest -g -O2   conftest.c  >&5
conftest.c:130:6: warning: conflicting types for built-in function 'strchr'; expected 'char *(const char *, int)' [-Wbuiltin-declaration-mismatch]
  130 | char strchr ();
      |      ^~~~~~
conftest.c:122:1: note: 'strchr' is declared in header '<string.h>'
  121 | #include <limits.h>
  122 | #undef strchr
configure:19262: $? = 0
configure:19262: result: yes
configure:19268: checking for strcspn
configure:19268: gcc -std=gnu99 -o conftest -g -O2   conftest.c  >&5
conftest.c:131:6: warning: conflicting types for built-in function 'strcspn'; expected 'long unsigned int(const char *, const char *)' [-Wbuiltin-declaration-mismatch]
  131 | char strcspn ();
      |      ^~~~~~~
conftest.c:123:1: note: 'strcspn' is declared in header '<string.h>'
  122 | #include <limits.h>
  123 | #undef strcspn
configure:19268: $? = 0
configure:19268: result: yes
configure:19274: checking for strdup
configure:19274: gcc -std=gnu99 -o conftest -g -O2   conftest.c  >&5
conftest.c:132:6: warning: conflicting types for built-in function 'strdup'; expected 'char *(const char *)' [-Wbuiltin-declaration-mismatch]
  132 | char strdup ();
      |      ^~~~~~
configure:19274: $? = 0
configure:19274: result: yes
configure:19280: checking for strerror
configure:19280: gcc -std=gnu99 -o conftest -g -O2   conftest.c  >&5
configure:19280: $? = 0
configure:19280: result: yes
configure:19286: checking for strncasecmp
configure:19286: gcc -std=gnu99 -o conftest -g -O2   conftest.c  >&5
conftest.c:134:6: warning: conflicting types for built-in function 'strncasecmp'; expected 'int(const char *, const char *, long unsigned int)' [-Wbuiltin-declaration-mismatch]
  134 | char strncasecmp ();
      |      ^~~~~~~~~~~
configure:19286: $? = 0
configure:19286: result: yes
configure:19292: checking for strndup
configure:19292: gcc -std=gnu99 -o conftest -g -O2   conftest.c  >&5
conftest.c:135:6: warning: conflicting types for built-in function 'strndup'; expected 'char *(const char *, long unsigned int)' [-Wbuiltin-declaration-mismatch]
  135 | char strndup ();
      |      ^~~~~~~
configure:19292: $? = 0
configure:19292: result: yes
configure:19298: checking for strpbrk
configure:19298: gcc -std=gnu99 -o conftest -g -O2   conftest.c  >&5
conftest.c:136:6: warning: conflicting types for built-in function 'strpbrk'; expected 'char *(const char *, const char *)' [-Wbuiltin-declaration-mismatch]
  136 | char strpbrk ();
      |      ^~~~~~~
conftest.c:128:1: note: 'strpbrk' is declared in header '<string.h>'
  127 | #include <limits.h>
  128 | #undef strpbrk
configure:19298: $? = 0
configure:19298: result: yes
configure:19304: checking for strrchr
configure:19304: gcc -std=gnu99 -o conftest -g -O2   conftest.c  >&5
conftest.c:137:6: warning: conflicting types for built-in function 'strrchr'; expected 'char *(const char *, int)' [-Wbuiltin-declaration-mismatch]
  137 | char strrchr ();
      |      ^~~~~~~
conftest.c:129:1: note: 'strrchr' is declared in header '<string.h>'
  128 | #include <limits.h>
  129 | #undef strrchr
configure:19304: $? = 0
configure:19304: result: yes
configure:19310: checking for strspn
configure:19310: gcc -std=gnu99 -o conftest -g -O2   conftest.c  >&5
conftest.c:138:6: warning: conflicting types for built-in function 'strspn'; expected 'long unsigned int(const char *, const char *)' [-Wbuiltin-declaration-mismatch]
  138 | char strspn ();
      |      ^~~~~~
conftest.c:130:1: note: 'strspn' is declared in header '<string.h>'
  129 | #include <limits.h>
  130 | #undef strspn
configure:19310: $? = 0
configure:19310: result: yes
configure:19316: checking for strstr
configure:19316: gcc -std=gnu99 -o conftest -g -O2   conftest.c  >&5
conftest.c:139:6: warning: conflicting types for built-in function 'strstr'; expected 'char *(const char *, const char *)' [-Wbuiltin-declaration-mismatch]
  139 | char strstr ();
      |      ^~~~~~
conftest.c:131:1: note: 'strstr' is declared in header '<string.h>'
  130 | #include <limits.h>
  131 | #undef strstr
configure:19316: $? = 0
configure:19316: result: yes
configure:19322: checking for strtol
configure:19322: gcc -std=gnu99 -o conftest -g -O2   conftest.c  >&5
configure:19322: $? = 0
configure:19322: result: yes
configure:19328: checking for strtoul
configure:19328: gcc -std=gnu99 -o conftest -g -O2   conftest.c  >&5
configure:19328: $? = 0
configure:19328: result: yes
configure:19334: checking for strverscmp
configure:19334: gcc -std=gnu99 -o conftest -g -O2   conftest.c  >&5
configure:19334: $? = 0
configure:19334: result: yes
configure:19340: checking for utmpname
configure:19340: gcc -std=gnu99 -o conftest -g -O2   conftest.c  >&5
configure:19340: $? = 0
configure:19340: result: yes
configure:19346: checking for wcwidth
configure:19346: gcc -std=gnu99 -o conftest -g -O2   conftest.c  >&5
configure:19346: $? = 0
configure:19346: result: yes
configure:19457: checking that generated files are newer than configure
configure:19463: result: done
configure:19538: creating ./config.status

## ---------------------- ##
## Running config.status. ##
## ---------------------- ##

This file was extended by procps-ng config.status 4.0.4, which was
generated by GNU Autoconf 2.71.  Invocation command line was

  CONFIG_FILES    = 
  CONFIG_HEADERS  = 
  CONFIG_LINKS    = 
  CONFIG_COMMANDS = 
  $ ./config.status 

on tux

config.status:1256: creating Makefile
config.status:1256: creating local/Makefile
config.status:1256: creating po-man/Makefile
config.status:1256: creating po/Makefile.in
config.status:1256: creating library/libproc2.pc
config.status:1256: creating testsuite/Makefile
config.status:1256: creating config.h
config.status:1485: executing depfiles commands
config.status:1562: cd .       && sed -e '/# am--include-marker/d' Makefile         | make -f - am--depfiles
config.status:1567: $? = 0
config.status:1562: cd testsuite       && sed -e '/# am--include-marker/d' Makefile         | make -f - am--depfiles
config.status:1567: $? = 0
config.status:1485: executing libtool commands
config.status:1485: executing default-1 commands

## ---------------- ##
## Cache variables. ##
## ---------------- ##

ac_cv_build=x86_64-pc-linux-gnu
ac_cv_c_compiler_gnu=yes
ac_cv_c_inline=inline
ac_cv_c_int32_t=yes
ac_cv_c_restrict=__restrict__
ac_cv_c_undeclared_builtin_options='none needed'
ac_cv_env_CC_set=
ac_cv_env_CC_value=
ac_cv_env_CFLAGS_set=
ac_cv_env_CFLAGS_value=
ac_cv_env_CPPFLAGS_set=
ac_cv_env_CPPFLAGS_value=
ac_cv_env_CPP_set=
ac_cv_env_CPP_value=
ac_cv_env_ELOGIND_CFLAGS_set=
ac_cv_env_ELOGIND_CFLAGS_value=
ac_cv_env_ELOGIND_LIBS_set=
ac_cv_env_ELOGIND_LIBS_value=
ac_cv_env_LDFLAGS_set=
ac_cv_env_LDFLAGS_value=
ac_cv_env_LIBS_set=
ac_cv_env_LIBS_value=
ac_cv_env_LT_SYS_LIBRARY_PATH_set=
ac_cv_env_LT_SYS_LIBRARY_PATH_value=
ac_cv_env_NCURSES_CFLAGS_set=
ac_cv_env_NCURSES_CFLAGS_value=
ac_cv_env_NCURSES_LIBS_set=
ac_cv_env_NCURSES_LIBS_value=
ac_cv_env_PKG_CONFIG_LIBDIR_set=
ac_cv_env_PKG_CONFIG_LIBDIR_value=
ac_cv_env_PKG_CONFIG_PATH_set=
ac_cv_env_PKG_CONFIG_PATH_value=
ac_cv_env_PKG_CONFIG_set=
ac_cv_env_PKG_CONFIG_value=
ac_cv_env_SYSTEMD_CFLAGS_set=
ac_cv_env_SYSTEMD_CFLAGS_value=
ac_cv_env_SYSTEMD_LIBS_set=
ac_cv_env_SYSTEMD_LIBS_value=
ac_cv_env_build_alias_set=
ac_cv_env_build_alias_value=
ac_cv_env_host_alias_set=
ac_cv_env_host_alias_value=
ac_cv_env_target_alias_set=
ac_cv_env_target_alias_value=
ac_cv_func___fpending=yes
ac_cv_func_alarm=yes
ac_cv_func_atexit=yes
ac_cv_func_dup2=yes
ac_cv_func_fork=yes
ac_cv_func_fork_works=yes
ac_cv_func_gethostname=yes
ac_cv_func_getpagesize=yes
ac_cv_func_gettimeofday=yes
ac_cv_func_iswprint=yes
ac_cv_func_malloc_0_nonnull=yes
ac_cv_func_mbrtowc=yes
ac_cv_func_memchr=yes
ac_cv_func_memmove=yes
ac_cv_func_memset=yes
ac_cv_func_mkdir=yes
ac_cv_func_mmap_fixed_mapped=yes
ac_cv_func_nl_langinfo=yes
ac_cv_func_pidfd_open=yes
ac_cv_func_putenv=yes
ac_cv_func_realloc_0_nonnull=yes
ac_cv_func_regcomp=yes
ac_cv_func_rpmatch=yes
ac_cv_func_sd_session_get_leader=yes
ac_cv_func_select=yes
ac_cv_func_setlocale=yes
ac_cv_func_sigabbrev_np=yes
ac_cv_func_strcasecmp=yes
ac_cv_func_strchr=yes
ac_cv_func_strcoll_works=yes
ac_cv_func_strcspn=yes
ac_cv_func_strdup=yes
ac_cv_func_strerror=yes
ac_cv_func_strncasecmp=yes
ac_cv_func_strndup=yes
ac_cv_func_strpbrk=yes
ac_cv_func_strrchr=yes
ac_cv_func_strspn=yes
ac_cv_func_strstr=yes
ac_cv_func_strtod=yes
ac_cv_func_strtol=yes
ac_cv_func_strtoul=yes
ac_cv_func_strverscmp=yes
ac_cv_func_utmpname=yes
ac_cv_func_vfork=yes
ac_cv_func_vfork_works=yes
ac_cv_func_wcwidth=yes
ac_cv_have_decl___UT_HOSTSIZE=yes
ac_cv_header_arpa_inet_h=yes
ac_cv_header_dlfcn_h=yes
ac_cv_header_error_h=yes
ac_cv_header_fcntl_h=yes
ac_cv_header_float_h=yes
ac_cv_header_inttypes_h=yes
ac_cv_header_langinfo_h=yes
ac_cv_header_libintl_h=yes
ac_cv_header_limits_h=yes
ac_cv_header_locale_h=yes
ac_cv_header_minix_config_h=no
ac_cv_header_stdbool_h=yes
ac_cv_header_stdint_h=yes
ac_cv_header_stdio_ext_h=yes
ac_cv_header_stdio_h=yes
ac_cv_header_stdlib_h=yes
ac_cv_header_string_h=yes
ac_cv_header_strings_h=yes
ac_cv_header_sys_file_h=yes
ac_cv_header_sys_ioctl_h=yes
ac_cv_header_sys_mkdev_h=no
ac_cv_header_sys_param_h=yes
ac_cv_header_sys_stat_h=yes
ac_cv_header_sys_sysmacros_h=yes
ac_cv_header_sys_time_h=yes
ac_cv_header_sys_types_h=yes
ac_cv_header_termios_h=yes
ac_cv_header_unistd_h=yes
ac_cv_header_utmp_h=yes
ac_cv_header_utmpx_h=yes
ac_cv_header_values_h=yes
ac_cv_header_vfork_h=no
ac_cv_header_wchar_h=yes
ac_cv_header_wctype_h=yes
ac_cv_host=x86_64-pc-linux-gnu
ac_cv_lib_error_at_line=yes
ac_cv_member_siginfo_t_si_int=yes
ac_cv_member_struct_stat_st_rdev=yes
ac_cv_objext=o
ac_cv_path_EGREP='/usr/bin/grep -E'
ac_cv_path_FGREP='/usr/bin/grep -F'
ac_cv_path_GMSGFMT=/usr/bin/msgfmt
ac_cv_path_GREP=/usr/bin/grep
ac_cv_path_MSGFMT=/usr/bin/msgfmt
ac_cv_path_MSGMERGE=/usr/bin/msgmerge
ac_cv_path_SED=/usr/bin/sed
ac_cv_path_XGETTEXT=/usr/bin/xgettext
ac_cv_path_ac_pt_PKG_CONFIG=/usr/bin/pkg-config
ac_cv_path_install='/usr/bin/install -c'
ac_cv_path_lt_DD=/usr/bin/dd
ac_cv_path_mkdir=/usr/bin/mkdir
ac_cv_prog_AWK=gawk
ac_cv_prog_CPP='gcc -std=gnu99 -E'
ac_cv_prog_PO4A=po4a
ac_cv_prog_ac_ct_AR=ar
ac_cv_prog_ac_ct_CC=gcc
ac_cv_prog_ac_ct_FILECMD=file
ac_cv_prog_ac_ct_OBJDUMP=objdump
ac_cv_prog_ac_ct_RANLIB=ranlib
ac_cv_prog_ac_ct_STRIP=strip
ac_cv_prog_cc_c11=
ac_cv_prog_cc_g=yes
ac_cv_prog_cc_stdc=
ac_cv_prog_make_make_set=yes
ac_cv_safe_to_define___extensions__=yes
ac_cv_search_dlopen='none required'
ac_cv_should_define__xopen_source=no
ac_cv_sys_file_offset_bits=no
ac_cv_sys_largefile_CC=no
ac_cv_type__Bool=yes
ac_cv_type_pid_t=yes
ac_cv_type_size_t=yes
ac_cv_type_ssize_t=yes
ac_cv_type_uid_t=yes
acl_cv_hardcode_direct=no
acl_cv_hardcode_libdir_flag_spec='${wl}-rpath ${wl}$libdir'
acl_cv_hardcode_libdir_separator=
acl_cv_hardcode_minus_L=no
acl_cv_libext=a
acl_cv_path_LD=/usr/bin/ld
acl_cv_prog_gnu_ld=yes
acl_cv_rpath=done
acl_cv_shlibext=so
acl_cv_wl=-Wl,
am_cv_CC_dependencies_compiler_type=gcc3
am_cv_make_support_nested_variables=yes
am_cv_prog_cc_c_o=yes
am_cv_prog_tar_pax=gnutar
gt_cv_func_gnugettext1_libc=yes
lt_cv_ar_at_file=@
lt_cv_archive_cmds_need_lc=no
lt_cv_deplibs_check_method=pass_all
lt_cv_file_magic_cmd='$MAGIC_CMD'
lt_cv_file_magic_test_file=
lt_cv_ld_reload_flag=-r
lt_cv_nm_interface='BSD nm'
lt_cv_objdir=.libs
lt_cv_path_LD=/usr/bin/ld
lt_cv_path_NM='/usr/bin/nm -B'
lt_cv_path_mainfest_tool=no
lt_cv_prog_compiler_c_o=yes
lt_cv_prog_compiler_pic='-fPIC -DPIC'
lt_cv_prog_compiler_pic_works=yes
lt_cv_prog_compiler_rtti_exceptions=no
lt_cv_prog_compiler_static_works=yes
lt_cv_prog_gnu_ld=yes
lt_cv_sharedlib_from_linklib_cmd='printf %s\n'
lt_cv_shlibpath_overrides_runpath=yes
lt_cv_sys_global_symbol_pipe='/usr/bin/sed -n -e '\''s/^.*[	 ]\([ABCDGIRSTW][ABCDGIRSTW]*\)[	 ][	 ]*\([_A-Za-z][_A-Za-z0-9]*\)$/\1 \2 \2/p'\'' | /usr/bin/sed '\''/ __gnu_lto/d'\'''
lt_cv_sys_global_symbol_to_c_name_address='/usr/bin/sed -n -e '\''s/^: \(.*\) .*$/  {"\1", (void *) 0},/p'\'' -e '\''s/^[ABCDGIRSTW][ABCDGIRSTW]* .* \(.*\)$/  {"\1", (void *) \&\1},/p'\'''
lt_cv_sys_global_symbol_to_c_name_address_lib_prefix='/usr/bin/sed -n -e '\''s/^: \(.*\) .*$/  {"\1", (void *) 0},/p'\'' -e '\''s/^[ABCDGIRSTW][ABCDGIRSTW]* .* \(lib.*\)$/  {"\1", (void *) \&\1},/p'\'' -e '\''s/^[ABCDGIRSTW][ABCDGIRSTW]* .* \(.*\)$/  {"lib\1", (void *) \&\1},/p'\'''
lt_cv_sys_global_symbol_to_cdecl='/usr/bin/sed -n -e '\''s/^T .* \(.*\)$/extern int \1();/p'\'' -e '\''s/^[ABCDGIRSTW][ABCDGIRSTW]* .* \(.*\)$/extern char \1;/p'\'''
lt_cv_sys_global_symbol_to_import=
lt_cv_sys_max_cmd_len=1572864
lt_cv_to_host_file_cmd=func_convert_file_noop
lt_cv_to_tool_file_cmd=func_convert_file_noop
lt_cv_truncate_bin='/usr/bin/dd bs=4096 count=1'
pkg_cv_NCURSES_CFLAGS='-D_DEFAULT_SOURCE -D_XOPEN_SOURCE=600'
pkg_cv_NCURSES_LIBS=-lncursesw
pkg_cv_SYSTEMD_CFLAGS=
pkg_cv_SYSTEMD_LIBS=-lsystemd

## ----------------- ##
## Output variables. ##
## ----------------- ##

ACLOCAL='${SHELL} '\''/home/marcus/crystal/crypkgs/procps-ng/procps-ng-4.0.4/missing'\'' aclocal-1.16'
AMDEPBACKSLASH='\'
AMDEP_FALSE='#'
AMDEP_TRUE=''
AMTAR='$${TAR-tar}'
AM_BACKSLASH='\'
AM_DEFAULT_V='$(AM_DEFAULT_VERBOSITY)'
AM_DEFAULT_VERBOSITY='0'
AM_V='$(V)'
AR='ar'
AUTOCONF='${SHELL} '\''/home/marcus/crystal/crypkgs/procps-ng/procps-ng-4.0.4/missing'\'' autoconf'
AUTOHEADER='${SHELL} '\''/home/marcus/crystal/crypkgs/procps-ng/procps-ng-4.0.4/missing'\'' autoheader'
AUTOMAKE='${SHELL} '\''/home/marcus/crystal/crypkgs/procps-ng/procps-ng-4.0.4/missing'\'' automake-1.16'
AWK='gawk'
BUILD_KILL_FALSE=''
BUILD_KILL_TRUE='#'
BUILD_PIDOF_FALSE='#'
BUILD_PIDOF_TRUE=''
BUILD_PIDWAIT_FALSE='#'
BUILD_PIDWAIT_TRUE=''
BUILD_SKILL_FALSE=''
BUILD_SKILL_TRUE='#'
BUILD_W_FALSE='#'
BUILD_W_TRUE=''
CC='gcc -std=gnu99'
CCDEPMODE='depmode=gcc3'
CFLAGS='-g -O2'
CPP='gcc -std=gnu99 -E'
CPPFLAGS=''
CSCOPE='cscope'
CTAGS='ctags'
CYGPATH_W='echo'
CYGWIN_FALSE=''
CYGWIN_TRUE='#'
DEFS='-DHAVE_CONFIG_H'
DEJAGNU='/dev/null'
DEPDIR='.deps'
DLLTOOL='false'
DL_LIB=''
DSYMUTIL=''
DUMPBIN=''
ECHO_C=''
ECHO_N='-n'
ECHO_T=''
EGREP='/usr/bin/grep -E'
ELOGIND_CFLAGS=''
ELOGIND_LIBS=''
ETAGS='etags'
EXAMPLE_FILES_FALSE=''
EXAMPLE_FILES_TRUE='#'
EXEEXT=''
FGREP='/usr/bin/grep -F'
FILECMD='file'
GMSGFMT='/usr/bin/msgfmt'
GREP='/usr/bin/grep'
HARDEN_CFLAGS=''
HARDEN_LDFLAGS=''
INSTALL_DATA='${INSTALL} -m 644'
INSTALL_PROGRAM='${INSTALL}'
INSTALL_SCRIPT='${INSTALL}'
INSTALL_STRIP_PROGRAM='$(install_sh) -c -s'
INTLLIBS=''
LD='/usr/bin/ld'
LDFLAGS=''
LIBICONV='-liconv'
LIBINTL=''
LIBOBJS=''
LIBS=''
LIBTOOL='$(SHELL) $(top_builddir)/libtool'
LINUX_FALSE='#'
LINUX_TRUE=''
LIPO=''
LN_S='ln -s'
LTLIBICONV='-liconv'
LTLIBINTL=''
LTLIBOBJS=''
LT_SYS_LIBRARY_PATH=''
MAKEINFO='${SHELL} '\''/home/marcus/crystal/crypkgs/procps-ng/procps-ng-4.0.4/missing'\'' makeinfo'
MANIFEST_TOOL=':'
MKDIR_P='/usr/bin/mkdir -p'
MKINSTALLDIRS='$(top_builddir)/.//mkinstalldirs'
MSGFMT='/usr/bin/msgfmt'
MSGMERGE='/usr/bin/msgmerge'
NCURSES_CFLAGS='-D_DEFAULT_SOURCE -D_XOPEN_SOURCE=600'
NCURSES_LIBS='-lncursesw'
NM='/usr/bin/nm -B'
NMEDIT=''
OBJDUMP='objdump'
OBJEXT='o'
OTOOL64=''
OTOOL=''
PACKAGE='procps-ng'
PACKAGE_BUGREPORT='procps@freelists.org'
PACKAGE_NAME='procps-ng'
PACKAGE_STRING='procps-ng 4.0.4'
PACKAGE_TARNAME='procps-ng'
PACKAGE_URL='https://gitlab.com/procps-ng/procps'
PACKAGE_VERSION='4.0.4'
PATH_SEPARATOR=':'
PKG_CONFIG='/usr/bin/pkg-config'
PKG_CONFIG_LIBDIR=''
PKG_CONFIG_PATH=''
PO4A='po4a'
POSUB='po'
POW_LIB=''
RANLIB='ranlib'
SED='/usr/bin/sed'
SET_MAKE=''
SHELL='/bin/sh'
STRIP='strip'
SYSTEMD_CFLAGS=''
SYSTEMD_LIBS='-lsystemd'
USE_NLS='yes'
USE_PO4A='yes'
VERSION='4.0.4'
WITH_COLORWATCH=''
WITH_ELOGIND_FALSE=''
WITH_ELOGIND_TRUE='#'
WITH_NCURSES_FALSE='#'
WITH_NCURSES_TRUE=''
WITH_SYSTEMD_FALSE='#'
WITH_SYSTEMD_TRUE=''
WITH_WATCH8BIT=''
XGETTEXT='/usr/bin/xgettext'
ac_ct_AR='ar'
ac_ct_CC='gcc'
ac_ct_DUMPBIN=''
am__EXEEXT_FALSE=''
am__EXEEXT_TRUE='#'
am__fastdepCC_FALSE='#'
am__fastdepCC_TRUE=''
am__include='include'
am__isrc=''
am__leading_dot='.'
am__nodep='_no'
am__quote=''
am__tar='tar --format=posix -chf - "$$tardir"'
am__untar='tar -xf -'
bindir='${exec_prefix}/bin'
build='x86_64-pc-linux-gnu'
build_alias=''
build_cpu='x86_64'
build_os='linux-gnu'
build_vendor='pc'
datadir='${datarootdir}'
datarootdir='${prefix}/share'
docdir='/usr/share/doc/procps-ng-4.0.4'
dvidir='${docdir}'
exec_prefix='${prefix}'
host='x86_64-pc-linux-gnu'
host_alias=''
host_cpu='x86_64'
host_os='linux-gnu'
host_vendor='pc'
htmldir='${docdir}'
includedir='${prefix}/include'
infodir='${datarootdir}/info'
install_sh='${SHELL} /home/marcus/crystal/crypkgs/procps-ng/procps-ng-4.0.4/install-sh'
libdir='${exec_prefix}/lib'
libexecdir='${exec_prefix}/libexec'
localedir='${datarootdir}/locale'
localstatedir='${prefix}/var'
mandir='${datarootdir}/man'
mkdir_p='$(MKDIR_P)'
oldincludedir='/usr/include'
pdfdir='${docdir}'
prefix='/usr'
program_transform_name='s,x,x,'
psdir='${docdir}'
runstatedir='${localstatedir}/run'
sbindir='${exec_prefix}/sbin'
sharedstatedir='${prefix}/com'
sysconfdir='${prefix}/etc'
target_alias=''
usrbin_execdir='${exec_prefix}/bin'

## ----------- ##
## confdefs.h. ##
## ----------- ##

/* confdefs.h */
#define PACKAGE_NAME "procps-ng"
#define PACKAGE_TARNAME "procps-ng"
#define PACKAGE_VERSION "4.0.4"
#define PACKAGE_STRING "procps-ng 4.0.4"
#define PACKAGE_BUGREPORT "procps@freelists.org"
#define PACKAGE_URL "https://gitlab.com/procps-ng/procps"
#define PACKAGE "procps-ng"
#define VERSION "4.0.4"
#define HAVE_STDIO_H 1
#define HAVE_STDLIB_H 1
#define HAVE_STRING_H 1
#define HAVE_INTTYPES_H 1
#define HAVE_STDINT_H 1
#define HAVE_STRINGS_H 1
#define HAVE_SYS_STAT_H 1
#define HAVE_SYS_TYPES_H 1
#define HAVE_UNISTD_H 1
#define HAVE_WCHAR_H 1
#define HAVE_SYS_PARAM_H 1
#define STDC_HEADERS 1
#define _ALL_SOURCE 1
#define _DARWIN_C_SOURCE 1
#define _GNU_SOURCE 1
#define _HPUX_ALT_XOPEN_SOCKET_API 1
#define _NETBSD_SOURCE 1
#define _OPENBSD_SOURCE 1
#define _POSIX_PTHREAD_SEMANTICS 1
#define __STDC_WANT_IEC_60559_ATTRIBS_EXT__ 1
#define __STDC_WANT_IEC_60559_BFP_EXT__ 1
#define __STDC_WANT_IEC_60559_DFP_EXT__ 1
#define __STDC_WANT_IEC_60559_FUNCS_EXT__ 1
#define __STDC_WANT_IEC_60559_TYPES_EXT__ 1
#define __STDC_WANT_LIB_EXT2__ 1
#define __STDC_WANT_MATH_SPEC_FUNCS__ 1
#define _TANDEM_SOURCE 1
#define __EXTENSIONS__ 1
#define MAJOR_IN_SYSMACROS 1
#define HAVE_ARPA_INET_H 1
#define HAVE_FCNTL_H 1
#define HAVE_FLOAT_H 1
#define HAVE_LANGINFO_H 1
#define HAVE_LIBINTL_H 1
#define HAVE_LIMITS_H 1
#define HAVE_LOCALE_H 1
#define HAVE_STDINT_H 1
#define HAVE_STDIO_EXT_H 1
#define HAVE_STDLIB_H 1
#define HAVE_STRING_H 1
#define HAVE_SYS_FILE_H 1
#define HAVE_SYS_IOCTL_H 1
#define HAVE_SYS_PARAM_H 1
#define HAVE_SYS_TIME_H 1
#define HAVE_TERMIOS_H 1
#define HAVE_UNISTD_H 1
#define HAVE_UTMP_H 1
#define HAVE_UTMPX_H 1
#define HAVE_VALUES_H 1
#define HAVE_WCHAR_H 1
#define HAVE_WCTYPE_H 1
#define HAVE__BOOL 1
#define restrict __restrict__
#define HAVE_STRUCT_STAT_ST_RDEV 1
#define HAVE_SIGINFO_T_SI_INT 1
#define HAVE_DECL___UT_HOSTSIZE 1
#define HAVE_UT_HOSTSIZE_IN_UTMPX 1
#define HAVE_DLFCN_H 1
#define LT_OBJDIR ".libs/"
#define HAVE_FORK 1
#define HAVE_VFORK 1
#define HAVE_GETPAGESIZE 1
#define HAVE_WORKING_VFORK 1
#define HAVE_WORKING_FORK 1
#define HAVE_MALLOC 1
#define HAVE_MBRTOWC 1
#define HAVE_MMAP 1
#define HAVE_REALLOC 1
#define HAVE_STRCOLL 1
#define USE_PROC_CTTY 0
#define ENABLE_NLS 1
#define HAVE_GETTEXT 1
#define HAVE_DCGETTEXT 1
#define HAVE_ERROR_H 1
#define HAVE_STDIO_EXT_H 1
#define HAVE___PROGNAME 1
#define HAVE_PROGRAM_INVOCATION_NAME 1
#define HAVE_PROGRAM_INVOCATION_SHORT_NAME 1
#define ENABLE_PIDWAIT 1
#define HAVE_NCURSES 1
#define WITH_SYSTEMD 1
#define HAVE_SD_SESSION_GET_LEADER 1
#define BUILD_WITH_WHINE 1
#define HAVE___FPENDING 1
#define HAVE_ALARM 1
#define HAVE_ATEXIT 1
#define HAVE_DUP2 1
#define HAVE_GETHOSTNAME 1
#define HAVE_GETPAGESIZE 1
#define HAVE_GETTIMEOFDAY 1
#define HAVE_ISWPRINT 1
#define HAVE_MEMCHR 1
#define HAVE_MEMMOVE 1
#define HAVE_MEMSET 1
#define HAVE_MKDIR 1
#define HAVE_NL_LANGINFO 1
#define HAVE_PUTENV 1
#define HAVE_REGCOMP 1
#define HAVE_RPMATCH 1
#define HAVE_SELECT 1
#define HAVE_SETLOCALE 1
#define HAVE_SIGABBREV_NP 1
#define HAVE_STRCASECMP 1
#define HAVE_STRCHR 1
#define HAVE_STRCSPN 1
#define HAVE_STRDUP 1
#define HAVE_STRERROR 1
#define HAVE_STRNCASECMP 1
#define HAVE_STRNDUP 1
#define HAVE_STRPBRK 1
#define HAVE_STRRCHR 1
#define HAVE_STRSPN 1
#define HAVE_STRSTR 1
#define HAVE_STRTOL 1
#define HAVE_STRTOUL 1
#define HAVE_STRVERSCMP 1
#define HAVE_UTMPNAME 1
#define HAVE_WCWIDTH 1

configure: exit 0
